2025-10-09 12:12:36.473 [info] Reading sessions from keychain...
2025-10-09 12:12:36.473 [info] Getting sessions for all scopes...
2025-10-09 12:12:36.473 [info] Got stored sessions!
2025-10-09 12:12:36.473 [info] Got 1 verified sessions.
2025-10-09 12:12:36.473 [info] Got 1 sessions for ...
2025-10-09 12:12:36.473 [info] Getting sessions for all scopes...
2025-10-09 12:12:36.473 [info] Got 1 sessions for ...
2025-10-09 12:12:36.473 [info] Getting sessions for all scopes...
2025-10-09 12:12:36.473 [info] Got 1 sessions for ...
2025-10-09 12:12:36.473 [info] Getting sessions for all scopes...
2025-10-09 12:12:36.473 [info] Got 1 sessions for ...
2025-10-09 12:12:36.473 [info] Getting sessions for all scopes...
2025-10-09 12:12:36.473 [info] Got 1 sessions for ...
2025-10-09 12:12:36.473 [info] Getting sessions for all scopes...
2025-10-09 12:12:36.473 [info] Got 1 sessions for ...
2025-10-09 12:12:36.473 [info] Getting sessions for all scopes...
2025-10-09 12:12:36.473 [info] Got 1 sessions for ...
2025-10-09 12:12:36.473 [info] Getting sessions for all scopes...
2025-10-09 12:12:36.473 [info] Got 1 sessions for ...
2025-10-09 12:12:36.473 [info] Getting sessions for all scopes...
2025-10-09 12:12:36.473 [info] Got 1 sessions for ...
2025-10-09 12:12:36.473 [info] Getting sessions for all scopes...
2025-10-09 12:12:36.473 [info] Got 1 sessions for ...
2025-10-09 12:12:36.473 [info] Getting sessions for all scopes...
2025-10-09 12:12:36.473 [info] Got 1 sessions for ...
2025-10-09 12:12:36.473 [info] Getting sessions for all scopes...
2025-10-09 12:12:36.473 [info] Got 1 sessions for ...
2025-10-09 12:12:36.473 [info] Getting sessions for all scopes...
2025-10-09 12:12:36.473 [info] Got 1 sessions for ...
2025-10-09 12:12:37.091 [info] Getting sessions for all scopes...
2025-10-09 12:12:37.091 [info] Got 1 sessions for ...
2025-10-09 12:12:37.134 [info] Getting sessions for user:email...
2025-10-09 12:12:37.134 [info] Got 1 sessions for user:email...
2025-10-09 12:12:37.164 [info] Getting sessions for all scopes...
2025-10-09 12:12:37.164 [info] Got 1 sessions for ...
2025-10-09 12:12:37.164 [info] Getting sessions for all scopes...
2025-10-09 12:12:37.164 [info] Got 1 sessions for ...
2025-10-09 12:12:38.418 [info] Getting sessions for all scopes...
2025-10-09 12:12:38.418 [info] Got 1 sessions for ...
2025-10-09 12:12:38.430 [info] Getting sessions for all scopes...
2025-10-09 12:12:38.430 [info] Got 1 sessions for ...
2025-10-09 12:12:38.627 [info] Getting sessions for all scopes...
2025-10-09 12:12:38.627 [info] Got 1 sessions for ...
2025-10-09 12:12:38.832 [info] FetcherService: Electron fetch failed with status: 429 
2025-10-09 12:12:38.834 [info] Getting sessions for all scopes...
2025-10-09 12:12:38.834 [info] Got 1 sessions for ...
2025-10-09 12:12:38.843 [info] Getting sessions for all scopes...
2025-10-09 12:12:38.844 [info] Got 1 sessions for ...
2025-10-09 12:12:38.855 [info] Getting sessions for read:user,repo,user:email,workflow...
2025-10-09 12:12:38.855 [info] Got 0 sessions for read:user,repo,user:email,workflow...
2025-10-09 12:12:38.858 [info] Getting sessions for read:user...
2025-10-09 12:12:38.858 [info] Got 0 sessions for read:user...
2025-10-09 12:12:38.876 [info] Getting sessions for user:email...
2025-10-09 12:12:38.876 [info] Got 1 sessions for user:email...
2025-10-09 12:12:39.386 [info] Getting sessions for all scopes...
2025-10-09 12:12:39.386 [info] Got 1 sessions for ...
2025-10-09 12:12:39.390 [info] Getting sessions for all scopes...
2025-10-09 12:12:39.390 [info] Got 1 sessions for ...
2025-10-09 12:12:39.390 [info] Getting sessions for all scopes...
2025-10-09 12:12:39.390 [info] Got 1 sessions for ...
2025-10-09 12:12:39.391 [info] Getting sessions for all scopes...
2025-10-09 12:12:39.391 [info] Got 1 sessions for ...
2025-10-09 12:12:39.422 [info] Getting sessions for all scopes...
2025-10-09 12:12:39.422 [info] Got 1 sessions for ...
2025-10-09 12:12:39.422 [info] Getting sessions for all scopes...
2025-10-09 12:12:39.422 [info] Got 1 sessions for ...
2025-10-09 12:12:39.478 [info] Getting sessions for all scopes...
2025-10-09 12:12:39.478 [info] Got 1 sessions for ...
2025-10-09 12:12:39.479 [info] Getting sessions for read:user,repo,user:email,workflow...
2025-10-09 12:12:39.479 [info] Got 0 sessions for read:user,repo,user:email,workflow...
2025-10-09 12:12:39.482 [info] Getting sessions for user:email...
2025-10-09 12:12:39.482 [info] Got 1 sessions for user:email...
2025-10-09 12:12:39.482 [info] Getting sessions for read:user,repo,user:email,workflow...
2025-10-09 12:12:39.482 [info] Got 0 sessions for read:user,repo,user:email,workflow...
2025-10-09 12:12:39.573 [info] FetcherService: Node fetch failed with status: 429 Too Many Requests
2025-10-09 12:12:40.056 [info] FetcherService: Node http/s failed with status: 429 Too Many Requests
2025-10-09 12:12:40.114 [info] Getting sessions for user:email...
2025-10-09 12:12:40.114 [info] Got 1 sessions for user:email...
2025-10-09 12:12:40.114 [info] Getting sessions for all scopes...
2025-10-09 12:12:40.114 [info] Got 1 sessions for ...
2025-10-09 12:12:40.120 [info] Getting sessions for all scopes...
2025-10-09 12:12:40.120 [info] Got 1 sessions for ...
2025-10-09 12:12:40.120 [info] Getting sessions for all scopes...
2025-10-09 12:12:40.120 [info] Got 1 sessions for ...
2025-10-09 12:12:40.127 [info] Getting sessions for read:user,repo,user:email,workflow...
2025-10-09 12:12:40.127 [info] Got 0 sessions for read:user,repo,user:email,workflow...
2025-10-09 12:12:40.131 [info] Getting sessions for user:email...
2025-10-09 12:12:40.131 [info] Got 1 sessions for user:email...
2025-10-09 12:12:40.131 [info] Getting sessions for read:user,repo,user:email,workflow...
2025-10-09 12:12:40.131 [info] Got 0 sessions for read:user,repo,user:email,workflow...
2025-10-09 12:12:40.131 [info] Getting sessions for all scopes...
2025-10-09 12:12:40.131 [info] Got 1 sessions for ...
2025-10-09 12:12:40.132 [info] Getting sessions for read:user,repo,user:email,workflow...
2025-10-09 12:12:40.132 [info] Got 0 sessions for read:user,repo,user:email,workflow...
2025-10-09 12:12:40.136 [info] Getting sessions for user:email...
2025-10-09 12:12:40.136 [info] Got 1 sessions for user:email...
2025-10-09 12:12:40.199 [info] Getting sessions for all scopes...
2025-10-09 12:12:40.199 [info] Got 1 sessions for ...
2025-10-09 12:12:40.200 [info] Getting sessions for all scopes...
2025-10-09 12:12:40.200 [info] Got 1 sessions for ...
2025-10-09 12:12:40.200 [info] Getting sessions for all scopes...
2025-10-09 12:12:40.200 [info] Got 1 sessions for ...
2025-10-09 12:12:40.200 [info] Getting sessions for all scopes...
2025-10-09 12:12:40.200 [info] Got 1 sessions for ...
2025-10-09 12:12:40.200 [info] Getting sessions for all scopes...
2025-10-09 12:12:40.200 [info] Got 1 sessions for ...
2025-10-09 12:12:40.202 [info] Getting sessions for read:user,repo,user:email,workflow...
2025-10-09 12:12:40.202 [info] Got 0 sessions for read:user,repo,user:email,workflow...
2025-10-09 12:12:40.203 [info] Getting sessions for user:email...
2025-10-09 12:12:40.203 [info] Got 1 sessions for user:email...
2025-10-09 12:12:40.203 [info] Getting sessions for read:user,repo,user:email,workflow...
2025-10-09 12:12:40.203 [info] Got 0 sessions for read:user,repo,user:email,workflow...
2025-10-09 12:12:40.204 [info] Getting sessions for all scopes...
2025-10-09 12:12:40.204 [info] Got 1 sessions for ...
2025-10-09 12:12:40.205 [info] Getting sessions for read:user,repo,user:email,workflow...
2025-10-09 12:12:40.205 [info] Got 0 sessions for read:user,repo,user:email,workflow...
2025-10-09 12:12:40.205 [info] Getting sessions for user:email...
2025-10-09 12:12:40.205 [info] Got 1 sessions for user:email...
2025-10-09 12:12:40.487 [info] Getting sessions for all scopes...
2025-10-09 12:12:40.487 [info] Got 1 sessions for ...
2025-10-09 12:12:40.488 [info] Getting sessions for all scopes...
2025-10-09 12:12:40.488 [info] Got 1 sessions for ...
2025-10-09 12:12:40.488 [info] Getting sessions for read:user,repo,user:email,workflow...
2025-10-09 12:12:40.488 [info] Got 0 sessions for read:user,repo,user:email,workflow...
2025-10-09 12:12:40.489 [info] Getting sessions for user:email...
2025-10-09 12:12:40.489 [info] Got 1 sessions for user:email...
2025-10-09 12:12:40.489 [info] Getting sessions for read:user,repo,user:email,workflow...
2025-10-09 12:12:40.489 [info] Got 0 sessions for read:user,repo,user:email,workflow...
2025-10-09 12:12:40.622 [info] Getting sessions for all scopes...
2025-10-09 12:12:40.622 [info] Got 1 sessions for ...
2025-10-09 12:32:20.923 [info] Getting sessions for all scopes...
2025-10-09 12:32:20.923 [info] Got 1 sessions for ...
2025-10-09 12:34:19.386 [info] Getting sessions for all scopes...
2025-10-09 12:34:19.386 [info] Got 1 sessions for ...
2025-10-09 12:34:19.386 [info] Getting sessions for read:user,repo,user:email,workflow...
2025-10-09 12:34:19.386 [info] Got 0 sessions for read:user,repo,user:email,workflow...
2025-10-09 12:34:19.387 [info] Getting sessions for user:email...
2025-10-09 12:34:19.387 [info] Got 1 sessions for user:email...
2025-10-09 12:34:19.868 [info] Getting sessions for all scopes...
2025-10-09 12:34:19.868 [info] Got 1 sessions for ...
2025-10-09 12:34:19.868 [info] Getting sessions for all scopes...
2025-10-09 12:34:19.868 [info] Got 1 sessions for ...
2025-10-09 12:34:19.869 [info] Getting sessions for read:user,repo,user:email,workflow...
2025-10-09 12:34:19.869 [info] Got 0 sessions for read:user,repo,user:email,workflow...
2025-10-09 12:34:19.869 [info] Getting sessions for user:email...
2025-10-09 12:34:19.869 [info] Got 1 sessions for user:email...
2025-10-09 12:34:19.870 [info] Getting sessions for read:user,repo,user:email,workflow...
2025-10-09 12:34:19.870 [info] Got 0 sessions for read:user,repo,user:email,workflow...
2025-10-09 12:34:19.872 [info] Getting sessions for all scopes...
2025-10-09 12:34:19.872 [info] Got 1 sessions for ...
2025-10-09 12:34:19.873 [info] Getting sessions for read:user,repo,user:email,workflow...
2025-10-09 12:34:19.873 [info] Got 0 sessions for read:user,repo,user:email,workflow...
2025-10-09 12:34:19.873 [info] Getting sessions for read:user,repo,user:email,workflow...
2025-10-09 12:34:19.873 [info] Got 0 sessions for read:user,repo,user:email,workflow...
2025-10-09 12:34:19.874 [info] Getting sessions for all scopes...
2025-10-09 12:34:19.874 [info] Got 1 sessions for ...
2025-10-09 12:34:19.875 [info] Getting sessions for read:user,repo,user:email,workflow...
2025-10-09 12:34:19.875 [info] Got 0 sessions for read:user,repo,user:email,workflow...
2025-10-09 12:34:19.875 [info] Getting sessions for user:email...
2025-10-09 12:34:19.875 [info] Got 1 sessions for user:email...
2025-10-09 12:48:27.770 [info] Getting sessions for all scopes...
2025-10-09 12:48:27.770 [info] Got 1 sessions for ...
2025-10-09 12:48:27.770 [info] Getting sessions for read:user,repo,user:email,workflow...
2025-10-09 12:48:27.771 [info] Got 0 sessions for read:user,repo,user:email,workflow...
2025-10-09 12:48:27.771 [info] Getting sessions for read:user,repo,user:email,workflow...
2025-10-09 12:48:27.771 [info] Got 0 sessions for read:user,repo,user:email,workflow...
2025-10-09 12:48:27.772 [info] Getting sessions for all scopes...
2025-10-09 12:48:27.772 [info] Got 1 sessions for ...
2025-10-09 12:48:27.772 [info] Getting sessions for read:user,repo,user:email,workflow...
2025-10-09 12:48:27.772 [info] Got 0 sessions for read:user,repo,user:email,workflow...
2025-10-09 12:48:27.773 [info] Getting sessions for user:email...
2025-10-09 12:48:27.773 [info] Got 1 sessions for user:email...
2025-10-09 12:54:31.510 [info] Getting sessions for all scopes...
2025-10-09 12:54:31.510 [info] Got 1 sessions for ...
2025-10-09 12:54:31.512 [info] Getting sessions for read:user,repo,user:email,workflow...
2025-10-09 12:54:31.512 [info] Got 0 sessions for read:user,repo,user:email,workflow...
2025-10-09 12:54:31.514 [info] Getting sessions for user:email...
2025-10-09 12:54:31.514 [info] Got 1 sessions for user:email...
2025-10-09 12:54:36.015 [info] Getting sessions for all scopes...
2025-10-09 12:54:36.015 [info] Got 1 sessions for ...
2025-10-09 12:54:36.017 [info] Getting sessions for read:user,repo,user:email,workflow...
2025-10-09 12:54:36.017 [info] Got 0 sessions for read:user,repo,user:email,workflow...
2025-10-09 12:54:36.018 [info] Getting sessions for user:email...
2025-10-09 12:54:36.018 [info] Got 1 sessions for user:email...
