2025-10-09 11:25:36.380 [info] [main] Log level: Info
2025-10-09 11:25:36.380 [info] [main] Validating found git in: "C:\Program Files\Git\cmd\git.exe"
2025-10-09 11:25:36.380 [info] [main] Validating found git in: "C:\Program Files (x86)\Git\cmd\git.exe"
2025-10-09 11:25:36.380 [info] [main] Validating found git in: "C:\Program Files\Git\cmd\git.exe"
2025-10-09 11:25:36.380 [info] [main] Validating found git in: "C:\Users\Jams\AppData\Local\Programs\Git\cmd\git.exe"
2025-10-09 11:25:36.457 [info] [main] Validating found git in: "F:\Git\cmd\git.exe"
2025-10-09 11:25:36.504 [info] [main] Using git "2.51.0.windows.1" from "F:\Git\cmd\git.exe"
2025-10-09 11:25:36.504 [info] [Model][doInitialScan] Initial repository scan started
2025-10-09 11:25:36.940 [info] > git rev-parse --show-toplevel [425ms]
2025-10-09 11:25:36.940 [info] fatal: not a git repository (or any of the parent directories): .git
2025-10-09 11:25:37.103 [info] > git rev-parse --show-toplevel [52ms]
2025-10-09 11:25:37.103 [info] fatal: not a git repository (or any of the parent directories): .git
2025-10-09 11:25:37.146 [info] > git rev-parse --show-toplevel [40ms]
2025-10-09 11:25:37.146 [info] fatal: not a git repository (or any of the parent directories): .git
2025-10-09 11:25:37.196 [info] > git rev-parse --show-toplevel [48ms]
2025-10-09 11:25:37.259 [info] > git rev-parse --git-dir --git-common-dir --show-superproject-working-tree [58ms]
2025-10-09 11:25:37.265 [info] [Model][openRepository] Opened repository (path): h:\School\UVIC FALL 2025\SENG265\A1\a1
2025-10-09 11:25:37.265 [info] [Model][openRepository] Opened repository (real path): h:\School\UVIC FALL 2025\SENG265\A1\a1
2025-10-09 11:25:37.265 [info] [Model][openRepository] Opened repository (kind): repository
2025-10-09 11:25:37.267 [info] [Model][doInitialScan] Initial repository scan completed - repositories (1), closed repositories (0), parent repositories (0), unsafe repositories (0)
2025-10-09 11:25:37.311 [info] > git config --get commit.template [38ms]
2025-10-09 11:25:37.323 [info] > git for-each-ref --format=%(refname)%00%(upstream:short)%00%(objectname)%00%(upstream:track)%00%(upstream:remotename)%00%(upstream:remoteref) --ignore-case refs/heads/main refs/remotes/main [42ms]
2025-10-09 11:25:37.369 [info] > git for-each-ref --sort -committerdate --format %(refname)%00%(objectname)%00%(*objectname) [38ms]
2025-10-09 11:25:37.370 [info] > git status -z -uall [43ms]
2025-10-09 11:25:37.418 [info] > git config --get commit.template [37ms]
2025-10-09 11:25:37.418 [info] > git for-each-ref --format=%(refname)%00%(upstream:short)%00%(objectname)%00%(upstream:track)%00%(upstream:remotename)%00%(upstream:remoteref) --ignore-case refs/heads/main refs/remotes/main [42ms]
2025-10-09 11:25:37.424 [info] > git for-each-ref --format=%(refname)%00%(upstream:short)%00%(objectname)%00%(upstream:track)%00%(upstream:remotename)%00%(upstream:remoteref) --ignore-case refs/heads/main refs/remotes/main [40ms]
2025-10-09 11:25:37.458 [info] > git config --get --local branch.main.vscode-merge-base [36ms]
2025-10-09 11:25:37.469 [info] > git for-each-ref --sort -committerdate --format %(refname)%00%(objectname)%00%(*objectname) [40ms]
2025-10-09 11:25:37.470 [info] > git status -z -uall [43ms]
2025-10-09 11:25:37.498 [info] > git for-each-ref --format=%(refname)%00%(upstream:short)%00%(objectname)%00%(upstream:track)%00%(upstream:remotename)%00%(upstream:remoteref) --ignore-case refs/heads/origin/main refs/remotes/origin/main [37ms]
2025-10-09 11:25:37.541 [info] > git merge-base refs/heads/main refs/remotes/origin/main [39ms]
2025-10-09 11:25:37.545 [info] > git merge-base refs/heads/main refs/remotes/origin/main [40ms]
2025-10-09 11:25:37.591 [info] > git diff --name-status -z --diff-filter=ADMR 325082f19771cdc23225fe4bf2721e02d49522c3...refs/remotes/origin/main [43ms]
2025-10-09 11:25:37.591 [info] > git diff --name-status -z --diff-filter=ADMR 325082f19771cdc23225fe4bf2721e02d49522c3...refs/remotes/origin/main [46ms]
2025-10-09 11:25:37.815 [info] > git check-ignore -v -z --stdin [38ms]
2025-10-09 11:26:36.922 [info] [main] Log level: Info
2025-10-09 11:26:36.922 [info] [main] Validating found git in: "C:\Program Files\Git\cmd\git.exe"
2025-10-09 11:26:36.922 [info] [main] Validating found git in: "C:\Program Files (x86)\Git\cmd\git.exe"
2025-10-09 11:26:36.922 [info] [main] Validating found git in: "C:\Program Files\Git\cmd\git.exe"
2025-10-09 11:26:36.922 [info] [main] Validating found git in: "C:\Users\Jams\AppData\Local\Programs\Git\cmd\git.exe"
2025-10-09 11:26:36.978 [info] [main] Validating found git in: "F:\Git\cmd\git.exe"
2025-10-09 11:26:37.027 [info] [main] Using git "2.51.0.windows.1" from "F:\Git\cmd\git.exe"
2025-10-09 11:26:37.027 [info] [Model][doInitialScan] Initial repository scan started
2025-10-09 11:26:37.029 [info] [Model][doInitialScan] Initial repository scan completed - repositories (0), closed repositories (0), parent repositories (0), unsafe repositories (0)
2025-10-09 11:26:55.021 [info] [main] Log level: Info
2025-10-09 11:26:55.021 [info] [main] Validating found git in: "C:\Program Files\Git\cmd\git.exe"
2025-10-09 11:26:55.021 [info] [main] Validating found git in: "C:\Program Files (x86)\Git\cmd\git.exe"
2025-10-09 11:26:55.021 [info] [main] Validating found git in: "C:\Program Files\Git\cmd\git.exe"
2025-10-09 11:26:55.021 [info] [main] Validating found git in: "C:\Users\Jams\AppData\Local\Programs\Git\cmd\git.exe"
2025-10-09 11:26:55.061 [info] [main] Validating found git in: "F:\Git\cmd\git.exe"
2025-10-09 11:26:55.106 [info] [main] Using git "2.51.0.windows.1" from "F:\Git\cmd\git.exe"
2025-10-09 11:26:55.106 [info] [Model][doInitialScan] Initial repository scan started
2025-10-09 11:26:55.147 [info] > git rev-parse --show-toplevel [33ms]
2025-10-09 11:26:55.147 [info] fatal: not a git repository (or any of the parent directories): .git
2025-10-09 11:26:55.148 [info] [Model][doInitialScan] Initial repository scan completed - repositories (0), closed repositories (0), parent repositories (0), unsafe repositories (0)
2025-10-09 11:27:18.341 [info] > git rev-parse --show-toplevel [37ms]
2025-10-09 11:27:18.341 [info] fatal: not a git repository (or any of the parent directories): .git
2025-10-09 11:27:19.255 [info] > git rev-parse --show-toplevel [35ms]
2025-10-09 11:27:19.255 [info] fatal: not a git repository (or any of the parent directories): .git
2025-10-09 11:27:20.566 [info] > git rev-parse --show-toplevel [35ms]
2025-10-09 11:27:20.566 [info] fatal: not a git repository (or any of the parent directories): .git
2025-10-09 11:27:22.536 [info] > git rev-parse --show-toplevel [35ms]
2025-10-09 11:27:22.536 [info] fatal: not a git repository (or any of the parent directories): .git
2025-10-09 11:27:23.875 [info] > git rev-parse --show-toplevel [36ms]
2025-10-09 11:27:23.875 [info] fatal: not a git repository (or any of the parent directories): .git
2025-10-09 11:27:24.213 [info] > git rev-parse --show-toplevel [34ms]
2025-10-09 11:27:24.213 [info] fatal: not a git repository (or any of the parent directories): .git
2025-10-09 11:27:24.606 [info] > git rev-parse --show-toplevel [38ms]
2025-10-09 11:27:24.606 [info] fatal: not a git repository (or any of the parent directories): .git
2025-10-09 11:27:25.923 [info] > git rev-parse --show-toplevel [35ms]
2025-10-09 11:27:25.923 [info] fatal: not a git repository (or any of the parent directories): .git
2025-10-09 11:27:27.538 [info] > git rev-parse --show-toplevel [35ms]
2025-10-09 11:27:27.538 [info] fatal: not a git repository (or any of the parent directories): .git
2025-10-09 11:27:28.519 [info] > git rev-parse --show-toplevel [38ms]
2025-10-09 11:27:28.519 [info] fatal: not a git repository (or any of the parent directories): .git
2025-10-09 11:27:29.740 [info] > git rev-parse --show-toplevel [37ms]
2025-10-09 11:27:29.740 [info] fatal: not a git repository (or any of the parent directories): .git
2025-10-09 11:27:34.928 [info] > git rev-parse --show-toplevel [36ms]
2025-10-09 11:27:34.928 [info] fatal: not a git repository (or any of the parent directories): .git
2025-10-09 11:27:36.113 [info] > git rev-parse --show-toplevel [38ms]
2025-10-09 11:27:36.113 [info] fatal: not a git repository (or any of the parent directories): .git
2025-10-09 11:27:59.895 [info] > git rev-parse --show-toplevel [47ms]
2025-10-09 11:27:59.895 [info] fatal: not a git repository (or any of the parent directories): .git
2025-10-09 11:27:59.988 [info] > git rev-parse --show-toplevel [34ms]
2025-10-09 11:27:59.988 [info] fatal: not a git repository (or any of the parent directories): .git
2025-10-09 11:28:45.141 [info] > git rev-parse --show-toplevel [40ms]
2025-10-09 11:28:45.141 [info] fatal: not a git repository (or any of the parent directories): .git
2025-10-09 11:30:59.853 [info] > git rev-parse --show-toplevel [37ms]
2025-10-09 11:30:59.853 [info] fatal: not a git repository (or any of the parent directories): .git
2025-10-09 11:33:50.724 [info] > git rev-parse --show-toplevel [36ms]
2025-10-09 11:33:50.724 [info] fatal: not a git repository (or any of the parent directories): .git
2025-10-09 11:35:51.195 [info] > git rev-parse --show-toplevel [36ms]
2025-10-09 11:35:51.195 [info] fatal: not a git repository (or any of the parent directories): .git
2025-10-09 11:43:16.931 [info] > git rev-parse --show-toplevel [43ms]
2025-10-09 11:43:16.931 [info] fatal: not a git repository (or any of the parent directories): .git
2025-10-09 11:43:22.344 [info] > git rev-parse --show-toplevel [36ms]
2025-10-09 11:43:22.344 [info] fatal: not a git repository (or any of the parent directories): .git
2025-10-09 11:43:22.419 [info] > git rev-parse --show-toplevel [36ms]
2025-10-09 11:43:22.419 [info] fatal: not a git repository (or any of the parent directories): .git
2025-10-09 11:43:25.340 [info] > git rev-parse --show-toplevel [498ms]
2025-10-09 11:43:25.340 [info] fatal: not a git repository (or any of the parent directories): .git
2025-10-09 11:43:26.963 [info] > git rev-parse --show-toplevel [35ms]
2025-10-09 11:43:26.963 [info] fatal: not a git repository (or any of the parent directories): .git
2025-10-09 11:44:06.206 [info] > git rev-parse --show-toplevel [37ms]
2025-10-09 11:44:06.206 [info] fatal: not a git repository (or any of the parent directories): .git
