2025-10-09 11:45:38.365 [info] Reading sessions from keychain...
2025-10-09 11:45:38.365 [info] Got stored sessions!
2025-10-09 11:45:38.365 [info] Got 1 verified sessions.
2025-10-09 11:45:38.366 [info] Getting sessions for all scopes...
2025-10-09 11:45:38.366 [info] Got 1 sessions for ...
2025-10-09 11:45:38.366 [info] Getting sessions for all scopes...
2025-10-09 11:45:38.366 [info] Got 1 sessions for ...
2025-10-09 11:45:38.366 [info] Getting sessions for all scopes...
2025-10-09 11:45:38.366 [info] Got 1 sessions for ...
2025-10-09 11:45:38.366 [info] Getting sessions for all scopes...
2025-10-09 11:45:38.366 [info] Got 1 sessions for ...
2025-10-09 11:45:38.366 [info] Getting sessions for all scopes...
2025-10-09 11:45:38.366 [info] Got 1 sessions for ...
2025-10-09 11:45:38.366 [info] Getting sessions for all scopes...
2025-10-09 11:45:38.366 [info] Got 1 sessions for ...
2025-10-09 11:45:38.366 [info] Getting sessions for all scopes...
2025-10-09 11:45:38.366 [info] Got 1 sessions for ...
2025-10-09 11:45:38.366 [info] Getting sessions for all scopes...
2025-10-09 11:45:38.366 [info] Got 1 sessions for ...
2025-10-09 11:45:38.366 [info] Getting sessions for all scopes...
2025-10-09 11:45:38.366 [info] Got 1 sessions for ...
2025-10-09 11:45:38.366 [info] Getting sessions for all scopes...
2025-10-09 11:45:38.366 [info] Got 1 sessions for ...
2025-10-09 11:45:38.366 [info] Getting sessions for all scopes...
2025-10-09 11:45:38.366 [info] Got 1 sessions for ...
2025-10-09 11:45:38.366 [info] Getting sessions for all scopes...
2025-10-09 11:45:38.366 [info] Got 1 sessions for ...
2025-10-09 11:45:38.366 [info] Getting sessions for all scopes...
2025-10-09 11:45:38.366 [info] Got 1 sessions for ...
2025-10-09 11:45:38.366 [info] Getting sessions for all scopes...
2025-10-09 11:45:38.366 [info] Got 1 sessions for ...
2025-10-09 11:45:38.366 [info] Getting sessions for all scopes...
2025-10-09 11:45:38.366 [info] Got 1 sessions for ...
2025-10-09 11:45:38.366 [info] Getting sessions for all scopes...
2025-10-09 11:45:38.366 [info] Got 1 sessions for ...
2025-10-09 11:45:38.366 [info] Getting sessions for all scopes...
2025-10-09 11:45:38.366 [info] Got 1 sessions for ...
2025-10-09 11:45:38.366 [info] Getting sessions for all scopes...
2025-10-09 11:45:38.366 [info] Got 1 sessions for ...
2025-10-09 11:45:38.367 [info] Getting sessions for read:user,repo,user:email,workflow...
2025-10-09 11:45:38.367 [info] Got 0 sessions for read:user,repo,user:email,workflow...
2025-10-09 11:45:38.566 [info] Getting sessions for user:email...
2025-10-09 11:45:38.566 [info] Got 1 sessions for user:email...
2025-10-09 11:45:38.579 [info] Getting sessions for read:user,repo,user:email,workflow...
2025-10-09 11:45:38.579 [info] Got 0 sessions for read:user,repo,user:email,workflow...
2025-10-09 11:45:38.643 [info] Getting sessions for all scopes...
2025-10-09 11:45:38.643 [info] Got 1 sessions for ...
2025-10-09 11:45:39.910 [info] Getting sessions for user:email...
2025-10-09 11:45:39.910 [info] Got 1 sessions for user:email...
2025-10-09 11:45:39.911 [info] Getting sessions for all scopes...
2025-10-09 11:45:39.911 [info] Got 1 sessions for ...
2025-10-09 11:45:39.912 [info] Getting sessions for all scopes...
2025-10-09 11:45:39.912 [info] Got 1 sessions for ...
2025-10-09 11:45:39.924 [info] Getting sessions for all scopes...
2025-10-09 11:45:39.924 [info] Got 1 sessions for ...
2025-10-09 11:45:39.951 [info] Getting sessions for user:email...
2025-10-09 11:45:39.951 [info] Got 1 sessions for user:email...
2025-10-09 11:45:40.245 [info] Getting sessions for all scopes...
2025-10-09 11:45:40.245 [info] Got 1 sessions for ...
2025-10-09 11:45:40.317 [info] Getting sessions for all scopes...
2025-10-09 11:45:40.317 [info] Got 1 sessions for ...
2025-10-09 11:45:40.317 [info] Getting sessions for read:user,repo,user:email,workflow...
2025-10-09 11:45:40.317 [info] Got 0 sessions for read:user,repo,user:email,workflow...
2025-10-09 11:45:40.320 [info] FetcherService: Electron fetch failed with status: 429 
2025-10-09 11:45:40.346 [info] Getting sessions for all scopes...
2025-10-09 11:45:40.346 [info] Got 1 sessions for ...
2025-10-09 11:45:40.394 [info] Getting sessions for read:user...
2025-10-09 11:45:40.394 [info] Got 0 sessions for read:user...
2025-10-09 11:45:40.394 [info] Getting sessions for all scopes...
2025-10-09 11:45:40.394 [info] Got 1 sessions for ...
2025-10-09 11:45:40.395 [info] Getting sessions for read:user,repo,user:email,workflow...
2025-10-09 11:45:40.395 [info] Got 0 sessions for read:user,repo,user:email,workflow...
2025-10-09 11:45:40.396 [info] Getting sessions for user:email...
2025-10-09 11:45:40.396 [info] Got 1 sessions for user:email...
2025-10-09 11:45:40.472 [info] Getting sessions for user:email...
2025-10-09 11:45:40.472 [info] Got 1 sessions for user:email...
2025-10-09 11:45:41.115 [info] FetcherService: Node fetch failed with status: 429 Too Many Requests
2025-10-09 11:45:41.157 [info] Getting sessions for all scopes...
2025-10-09 11:45:41.157 [info] Got 1 sessions for ...
2025-10-09 11:45:41.158 [info] Getting sessions for all scopes...
2025-10-09 11:45:41.158 [info] Got 1 sessions for ...
2025-10-09 11:45:41.158 [info] Getting sessions for all scopes...
2025-10-09 11:45:41.158 [info] Got 1 sessions for ...
2025-10-09 11:45:41.179 [info] Getting sessions for all scopes...
2025-10-09 11:45:41.179 [info] Got 1 sessions for ...
2025-10-09 11:45:41.332 [info] Getting sessions for all scopes...
2025-10-09 11:45:41.332 [info] Got 1 sessions for ...
2025-10-09 11:45:41.332 [info] Getting sessions for all scopes...
2025-10-09 11:45:41.332 [info] Got 1 sessions for ...
2025-10-09 11:45:41.343 [info] Getting sessions for read:user,repo,user:email,workflow...
2025-10-09 11:45:41.343 [info] Got 0 sessions for read:user,repo,user:email,workflow...
2025-10-09 11:45:41.345 [info] Getting sessions for user:email...
2025-10-09 11:45:41.345 [info] Got 1 sessions for user:email...
2025-10-09 11:45:41.345 [info] Getting sessions for read:user,repo,user:email,workflow...
2025-10-09 11:45:41.345 [info] Got 0 sessions for read:user,repo,user:email,workflow...
2025-10-09 11:45:41.387 [info] Getting sessions for all scopes...
2025-10-09 11:45:41.387 [info] Got 1 sessions for ...
2025-10-09 11:45:41.390 [info] Getting sessions for all scopes...
2025-10-09 11:45:41.390 [info] Got 1 sessions for ...
2025-10-09 11:45:41.390 [info] Getting sessions for all scopes...
2025-10-09 11:45:41.390 [info] Got 1 sessions for ...
2025-10-09 11:45:41.390 [info] Getting sessions for all scopes...
2025-10-09 11:45:41.390 [info] Got 1 sessions for ...
2025-10-09 11:45:41.394 [info] Getting sessions for read:user,repo,user:email,workflow...
2025-10-09 11:45:41.394 [info] Got 0 sessions for read:user,repo,user:email,workflow...
2025-10-09 11:45:41.401 [info] Getting sessions for user:email...
2025-10-09 11:45:41.401 [info] Got 1 sessions for user:email...
2025-10-09 11:45:41.401 [info] Getting sessions for read:user,repo,user:email,workflow...
2025-10-09 11:45:41.401 [info] Got 0 sessions for read:user,repo,user:email,workflow...
2025-10-09 11:45:41.402 [info] Getting sessions for all scopes...
2025-10-09 11:45:41.402 [info] Got 1 sessions for ...
2025-10-09 11:45:41.403 [info] Getting sessions for read:user,repo,user:email,workflow...
2025-10-09 11:45:41.403 [info] Got 0 sessions for read:user,repo,user:email,workflow...
2025-10-09 11:45:41.403 [info] Getting sessions for user:email...
2025-10-09 11:45:41.403 [info] Got 1 sessions for user:email...
2025-10-09 11:45:41.550 [info] FetcherService: Node http/s failed with status: 429 Too Many Requests
2025-10-09 11:45:41.932 [info] Getting sessions for all scopes...
2025-10-09 11:45:41.933 [info] Got 1 sessions for ...
2025-10-09 11:45:43.384 [info] Getting sessions for all scopes...
2025-10-09 11:45:43.384 [info] Got 1 sessions for ...
2025-10-09 11:51:39.841 [info] Getting sessions for all scopes...
2025-10-09 11:51:39.841 [info] Got 1 sessions for ...
2025-10-09 12:01:55.415 [info] Getting sessions for all scopes...
2025-10-09 12:01:55.415 [info] Got 1 sessions for ...
2025-10-09 12:01:55.415 [info] Getting sessions for read:user,repo,user:email,workflow...
2025-10-09 12:01:55.415 [info] Got 0 sessions for read:user,repo,user:email,workflow...
2025-10-09 12:01:55.416 [info] Getting sessions for user:email...
2025-10-09 12:01:55.416 [info] Got 1 sessions for user:email...
2025-10-09 12:01:55.638 [info] Getting sessions for all scopes...
2025-10-09 12:01:55.638 [info] Got 1 sessions for ...
2025-10-09 12:01:55.639 [info] Getting sessions for read:user,repo,user:email,workflow...
2025-10-09 12:01:55.639 [info] Got 0 sessions for read:user,repo,user:email,workflow...
2025-10-09 12:01:55.640 [info] Getting sessions for user:email...
2025-10-09 12:01:55.640 [info] Got 1 sessions for user:email...
2025-10-09 12:02:00.743 [info] Getting sessions for all scopes...
2025-10-09 12:02:00.743 [info] Got 1 sessions for ...
2025-10-09 12:02:00.744 [info] Getting sessions for read:user,repo,user:email,workflow...
2025-10-09 12:02:00.744 [info] Got 0 sessions for read:user,repo,user:email,workflow...
2025-10-09 12:02:00.744 [info] Getting sessions for user:email...
2025-10-09 12:02:00.744 [info] Got 1 sessions for user:email...
2025-10-09 12:02:01.222 [info] Getting sessions for all scopes...
2025-10-09 12:02:01.222 [info] Got 1 sessions for ...
2025-10-09 12:02:01.223 [info] Getting sessions for read:user,repo,user:email,workflow...
2025-10-09 12:02:01.223 [info] Got 0 sessions for read:user,repo,user:email,workflow...
2025-10-09 12:02:01.224 [info] Getting sessions for user:email...
2025-10-09 12:02:01.224 [info] Got 1 sessions for user:email...
2025-10-09 12:02:01.511 [info] Getting sessions for all scopes...
2025-10-09 12:02:01.511 [info] Got 1 sessions for ...
2025-10-09 12:02:01.511 [info] Getting sessions for read:user,repo,user:email,workflow...
2025-10-09 12:02:01.511 [info] Got 0 sessions for read:user,repo,user:email,workflow...
2025-10-09 12:02:01.512 [info] Getting sessions for user:email...
2025-10-09 12:02:01.512 [info] Got 1 sessions for user:email...
2025-10-09 12:02:03.878 [info] Getting sessions for all scopes...
2025-10-09 12:02:03.878 [info] Got 1 sessions for ...
2025-10-09 12:02:03.879 [info] Getting sessions for read:user,repo,user:email,workflow...
2025-10-09 12:02:03.879 [info] Got 0 sessions for read:user,repo,user:email,workflow...
2025-10-09 12:02:03.879 [info] Getting sessions for user:email...
2025-10-09 12:02:03.879 [info] Got 1 sessions for user:email...
2025-10-09 12:02:05.493 [info] Getting sessions for all scopes...
2025-10-09 12:02:05.493 [info] Got 1 sessions for ...
2025-10-09 12:02:05.494 [info] Getting sessions for read:user,repo,user:email,workflow...
2025-10-09 12:02:05.494 [info] Got 0 sessions for read:user,repo,user:email,workflow...
2025-10-09 12:02:05.495 [info] Getting sessions for user:email...
2025-10-09 12:02:05.495 [info] Got 1 sessions for user:email...
2025-10-09 12:02:05.796 [info] Getting sessions for all scopes...
2025-10-09 12:02:05.797 [info] Got 1 sessions for ...
2025-10-09 12:02:05.797 [info] Getting sessions for read:user,repo,user:email,workflow...
2025-10-09 12:02:05.797 [info] Got 0 sessions for read:user,repo,user:email,workflow...
2025-10-09 12:02:05.798 [info] Getting sessions for user:email...
2025-10-09 12:02:05.798 [info] Got 1 sessions for user:email...
2025-10-09 12:02:06.453 [info] Getting sessions for all scopes...
2025-10-09 12:02:06.453 [info] Got 1 sessions for ...
2025-10-09 12:02:06.454 [info] Getting sessions for read:user,repo,user:email,workflow...
2025-10-09 12:02:06.454 [info] Got 0 sessions for read:user,repo,user:email,workflow...
2025-10-09 12:02:06.454 [info] Getting sessions for user:email...
2025-10-09 12:02:06.454 [info] Got 1 sessions for user:email...
2025-10-09 12:02:06.693 [info] Getting sessions for all scopes...
2025-10-09 12:02:06.693 [info] Got 1 sessions for ...
2025-10-09 12:02:06.694 [info] Getting sessions for read:user,repo,user:email,workflow...
2025-10-09 12:02:06.694 [info] Got 0 sessions for read:user,repo,user:email,workflow...
2025-10-09 12:02:06.694 [info] Getting sessions for user:email...
2025-10-09 12:02:06.694 [info] Got 1 sessions for user:email...
2025-10-09 12:02:06.916 [info] Getting sessions for all scopes...
2025-10-09 12:02:06.916 [info] Got 1 sessions for ...
2025-10-09 12:02:06.917 [info] Getting sessions for read:user,repo,user:email,workflow...
2025-10-09 12:02:06.917 [info] Got 0 sessions for read:user,repo,user:email,workflow...
2025-10-09 12:02:06.918 [info] Getting sessions for user:email...
2025-10-09 12:02:06.918 [info] Got 1 sessions for user:email...
2025-10-09 12:02:07.172 [info] Getting sessions for all scopes...
2025-10-09 12:02:07.172 [info] Got 1 sessions for ...
2025-10-09 12:02:07.173 [info] Getting sessions for read:user,repo,user:email,workflow...
2025-10-09 12:02:07.173 [info] Got 0 sessions for read:user,repo,user:email,workflow...
2025-10-09 12:02:07.174 [info] Getting sessions for user:email...
2025-10-09 12:02:07.174 [info] Got 1 sessions for user:email...
2025-10-09 12:02:08.834 [info] Getting sessions for all scopes...
2025-10-09 12:02:08.834 [info] Got 1 sessions for ...
2025-10-09 12:02:08.835 [info] Getting sessions for read:user,repo,user:email,workflow...
2025-10-09 12:02:08.835 [info] Got 0 sessions for read:user,repo,user:email,workflow...
2025-10-09 12:02:08.836 [info] Getting sessions for user:email...
2025-10-09 12:02:08.836 [info] Got 1 sessions for user:email...
