2025-10-09 12:02:27.435 [info] [main] Log level: Info
2025-10-09 12:02:27.435 [info] [main] Validating found git in: "C:\Program Files\Git\cmd\git.exe"
2025-10-09 12:02:27.435 [info] [main] Validating found git in: "C:\Program Files (x86)\Git\cmd\git.exe"
2025-10-09 12:02:27.435 [info] [main] Validating found git in: "C:\Program Files\Git\cmd\git.exe"
2025-10-09 12:02:27.435 [info] [main] Validating found git in: "C:\Users\Jams\AppData\Local\Programs\Git\cmd\git.exe"
2025-10-09 12:02:28.306 [info] [main] Validating found git in: "F:\Git\cmd\git.exe"
2025-10-09 12:02:28.468 [info] [main] Using git "2.51.0.windows.1" from "F:\Git\cmd\git.exe"
2025-10-09 12:02:28.468 [info] [Model][doInitialScan] Initial repository scan started
2025-10-09 12:02:28.523 [info] > git rev-parse --show-toplevel [48ms]
2025-10-09 12:02:28.524 [info] fatal: not a git repository (or any of the parent directories): .git
2025-10-09 12:02:28.728 [info] > git rev-parse --show-toplevel [53ms]
2025-10-09 12:02:28.728 [info] fatal: not a git repository (or any of the parent directories): .git
2025-10-09 12:02:28.772 [info] > git rev-parse --show-toplevel [32ms]
2025-10-09 12:02:28.772 [info] fatal: not a git repository (or any of the parent directories): .git
2025-10-09 12:02:28.773 [info] [Model][doInitialScan] Initial repository scan completed - repositories (0), closed repositories (0), parent repositories (0), unsafe repositories (0)
2025-10-09 12:02:53.340 [info] > git rev-parse --show-toplevel [45ms]
2025-10-09 12:02:53.340 [info] fatal: not a git repository (or any of the parent directories): .git
2025-10-09 12:02:55.344 [info] > git rev-parse --show-toplevel [32ms]
2025-10-09 12:02:55.344 [info] fatal: not a git repository (or any of the parent directories): .git
2025-10-09 12:03:17.800 [info] > git rev-parse --show-toplevel [32ms]
2025-10-09 12:03:17.800 [info] fatal: not a git repository (or any of the parent directories): .git
2025-10-09 12:03:31.824 [info] > git rev-parse --show-toplevel [31ms]
2025-10-09 12:03:31.824 [info] fatal: not a git repository (or any of the parent directories): .git
