2025-10-09 12:02:24.895 [info] Reading sessions from keychain...
2025-10-09 12:02:24.895 [info] Getting sessions for all scopes...
2025-10-09 12:02:24.895 [info] Got stored sessions!
2025-10-09 12:02:24.895 [info] Got 1 verified sessions.
2025-10-09 12:02:24.895 [info] Got 1 sessions for ...
2025-10-09 12:02:24.895 [info] Getting sessions for all scopes...
2025-10-09 12:02:24.895 [info] Got 1 sessions for ...
2025-10-09 12:02:24.895 [info] Getting sessions for all scopes...
2025-10-09 12:02:24.895 [info] Got 1 sessions for ...
2025-10-09 12:02:24.895 [info] Getting sessions for all scopes...
2025-10-09 12:02:24.895 [info] Got 1 sessions for ...
2025-10-09 12:02:24.895 [info] Getting sessions for all scopes...
2025-10-09 12:02:24.896 [info] Got 1 sessions for ...
2025-10-09 12:02:24.896 [info] Getting sessions for all scopes...
2025-10-09 12:02:24.896 [info] Got 1 sessions for ...
2025-10-09 12:02:24.896 [info] Getting sessions for all scopes...
2025-10-09 12:02:24.896 [info] Got 1 sessions for ...
2025-10-09 12:02:24.896 [info] Getting sessions for all scopes...
2025-10-09 12:02:24.896 [info] Got 1 sessions for ...
2025-10-09 12:02:24.896 [info] Getting sessions for all scopes...
2025-10-09 12:02:24.896 [info] Got 1 sessions for ...
2025-10-09 12:02:24.896 [info] Getting sessions for all scopes...
2025-10-09 12:02:24.896 [info] Got 1 sessions for ...
2025-10-09 12:02:24.896 [info] Getting sessions for all scopes...
2025-10-09 12:02:24.896 [info] Got 1 sessions for ...
2025-10-09 12:02:24.896 [info] Getting sessions for all scopes...
2025-10-09 12:02:24.896 [info] Got 1 sessions for ...
2025-10-09 12:02:24.896 [info] Getting sessions for all scopes...
2025-10-09 12:02:24.896 [info] Got 1 sessions for ...
2025-10-09 12:02:25.576 [info] Getting sessions for all scopes...
2025-10-09 12:02:25.576 [info] Got 1 sessions for ...
2025-10-09 12:02:26.920 [info] Getting sessions for all scopes...
2025-10-09 12:02:26.920 [info] Got 1 sessions for ...
2025-10-09 12:02:26.937 [info] Getting sessions for user:email...
2025-10-09 12:02:26.937 [info] Got 1 sessions for user:email...
2025-10-09 12:02:26.937 [info] Getting sessions for all scopes...
2025-10-09 12:02:26.937 [info] Got 1 sessions for ...
2025-10-09 12:02:26.938 [info] Getting sessions for all scopes...
2025-10-09 12:02:26.938 [info] Got 1 sessions for ...
2025-10-09 12:02:26.953 [info] Getting sessions for all scopes...
2025-10-09 12:02:26.953 [info] Got 1 sessions for ...
2025-10-09 12:02:27.067 [info] Getting sessions for all scopes...
2025-10-09 12:02:27.067 [info] Got 1 sessions for ...
2025-10-09 12:02:27.386 [info] FetcherService: Electron fetch failed with status: 429 
2025-10-09 12:02:27.387 [info] Getting sessions for all scopes...
2025-10-09 12:02:27.387 [info] Got 1 sessions for ...
2025-10-09 12:02:27.397 [info] Getting sessions for all scopes...
2025-10-09 12:02:27.397 [info] Got 1 sessions for ...
2025-10-09 12:02:27.398 [info] Getting sessions for read:user,repo,user:email,workflow...
2025-10-09 12:02:27.398 [info] Got 0 sessions for read:user,repo,user:email,workflow...
2025-10-09 12:02:27.912 [info] Getting sessions for read:user...
2025-10-09 12:02:27.912 [info] Got 0 sessions for read:user...
2025-10-09 12:02:27.939 [info] Getting sessions for all scopes...
2025-10-09 12:02:27.940 [info] Got 1 sessions for ...
2025-10-09 12:02:27.941 [info] Getting sessions for all scopes...
2025-10-09 12:02:27.941 [info] Got 1 sessions for ...
2025-10-09 12:02:27.941 [info] Getting sessions for all scopes...
2025-10-09 12:02:27.941 [info] Got 1 sessions for ...
2025-10-09 12:02:27.941 [info] Getting sessions for all scopes...
2025-10-09 12:02:27.941 [info] Got 1 sessions for ...
2025-10-09 12:02:27.956 [info] Getting sessions for all scopes...
2025-10-09 12:02:27.956 [info] Got 1 sessions for ...
2025-10-09 12:02:27.956 [info] Getting sessions for all scopes...
2025-10-09 12:02:27.957 [info] Got 1 sessions for ...
2025-10-09 12:02:28.023 [info] Getting sessions for user:email...
2025-10-09 12:02:28.023 [info] Got 1 sessions for user:email...
2025-10-09 12:02:28.089 [info] Getting sessions for all scopes...
2025-10-09 12:02:28.089 [info] Got 1 sessions for ...
2025-10-09 12:02:28.092 [info] Getting sessions for read:user,repo,user:email,workflow...
2025-10-09 12:02:28.092 [info] Got 0 sessions for read:user,repo,user:email,workflow...
2025-10-09 12:02:28.094 [info] Getting sessions for user:email...
2025-10-09 12:02:28.094 [info] Got 1 sessions for user:email...
2025-10-09 12:02:28.094 [info] Getting sessions for read:user,repo,user:email,workflow...
2025-10-09 12:02:28.094 [info] Got 0 sessions for read:user,repo,user:email,workflow...
2025-10-09 12:02:28.207 [info] FetcherService: Node fetch failed with status: 429 Too Many Requests
2025-10-09 12:02:28.675 [info] FetcherService: Node http/s failed with status: 429 Too Many Requests
2025-10-09 12:02:28.749 [info] Getting sessions for user:email...
2025-10-09 12:02:28.749 [info] Got 1 sessions for user:email...
2025-10-09 12:02:28.749 [info] Getting sessions for all scopes...
2025-10-09 12:02:28.749 [info] Got 1 sessions for ...
2025-10-09 12:02:28.755 [info] Getting sessions for all scopes...
2025-10-09 12:02:28.756 [info] Got 1 sessions for ...
2025-10-09 12:02:28.756 [info] Getting sessions for all scopes...
2025-10-09 12:02:28.756 [info] Got 1 sessions for ...
2025-10-09 12:02:28.769 [info] Getting sessions for read:user,repo,user:email,workflow...
2025-10-09 12:02:28.769 [info] Got 0 sessions for read:user,repo,user:email,workflow...
2025-10-09 12:02:28.770 [info] Getting sessions for user:email...
2025-10-09 12:02:28.770 [info] Got 1 sessions for user:email...
2025-10-09 12:02:28.770 [info] Getting sessions for read:user,repo,user:email,workflow...
2025-10-09 12:02:28.770 [info] Got 0 sessions for read:user,repo,user:email,workflow...
2025-10-09 12:02:28.771 [info] Getting sessions for all scopes...
2025-10-09 12:02:28.771 [info] Got 1 sessions for ...
2025-10-09 12:02:28.771 [info] Getting sessions for read:user,repo,user:email,workflow...
2025-10-09 12:02:28.771 [info] Got 0 sessions for read:user,repo,user:email,workflow...
2025-10-09 12:02:28.775 [info] Getting sessions for user:email...
2025-10-09 12:02:28.775 [info] Got 1 sessions for user:email...
2025-10-09 12:02:28.832 [info] Getting sessions for all scopes...
2025-10-09 12:02:28.832 [info] Got 1 sessions for ...
2025-10-09 12:02:28.834 [info] Getting sessions for all scopes...
2025-10-09 12:02:28.834 [info] Got 1 sessions for ...
2025-10-09 12:02:28.834 [info] Getting sessions for all scopes...
2025-10-09 12:02:28.835 [info] Got 1 sessions for ...
2025-10-09 12:02:28.853 [info] Getting sessions for all scopes...
2025-10-09 12:02:28.853 [info] Got 1 sessions for ...
2025-10-09 12:02:28.853 [info] Getting sessions for all scopes...
2025-10-09 12:02:28.853 [info] Got 1 sessions for ...
2025-10-09 12:02:28.857 [info] Getting sessions for read:user,repo,user:email,workflow...
2025-10-09 12:02:28.857 [info] Got 0 sessions for read:user,repo,user:email,workflow...
2025-10-09 12:02:28.858 [info] Getting sessions for user:email...
2025-10-09 12:02:28.858 [info] Got 1 sessions for user:email...
2025-10-09 12:02:28.858 [info] Getting sessions for read:user,repo,user:email,workflow...
2025-10-09 12:02:28.858 [info] Got 0 sessions for read:user,repo,user:email,workflow...
2025-10-09 12:02:28.861 [info] Getting sessions for all scopes...
2025-10-09 12:02:28.861 [info] Got 1 sessions for ...
2025-10-09 12:02:28.861 [info] Getting sessions for read:user,repo,user:email,workflow...
2025-10-09 12:02:28.861 [info] Got 0 sessions for read:user,repo,user:email,workflow...
2025-10-09 12:02:28.862 [info] Getting sessions for user:email...
2025-10-09 12:02:28.862 [info] Got 1 sessions for user:email...
2025-10-09 12:02:29.168 [info] Getting sessions for all scopes...
2025-10-09 12:02:29.168 [info] Got 1 sessions for ...
2025-10-09 12:02:29.168 [info] Getting sessions for all scopes...
2025-10-09 12:02:29.168 [info] Got 1 sessions for ...
2025-10-09 12:02:29.170 [info] Getting sessions for read:user,repo,user:email,workflow...
2025-10-09 12:02:29.171 [info] Got 0 sessions for read:user,repo,user:email,workflow...
2025-10-09 12:02:29.171 [info] Getting sessions for user:email...
2025-10-09 12:02:29.171 [info] Got 1 sessions for user:email...
2025-10-09 12:02:29.171 [info] Getting sessions for read:user,repo,user:email,workflow...
2025-10-09 12:02:29.171 [info] Got 0 sessions for read:user,repo,user:email,workflow...
2025-10-09 12:02:29.174 [info] Getting sessions for all scopes...
2025-10-09 12:02:29.174 [info] Got 1 sessions for ...
2025-10-09 12:02:29.174 [info] Getting sessions for read:user,repo,user:email,workflow...
2025-10-09 12:02:29.174 [info] Got 0 sessions for read:user,repo,user:email,workflow...
2025-10-09 12:02:29.175 [info] Getting sessions for read:user,repo,user:email,workflow...
2025-10-09 12:02:29.175 [info] Got 0 sessions for read:user,repo,user:email,workflow...
2025-10-09 12:02:29.175 [info] Getting sessions for all scopes...
2025-10-09 12:02:29.175 [info] Got 1 sessions for ...
2025-10-09 12:02:29.176 [info] Getting sessions for read:user,repo,user:email,workflow...
2025-10-09 12:02:29.176 [info] Got 0 sessions for read:user,repo,user:email,workflow...
2025-10-09 12:02:29.177 [info] Getting sessions for user:email...
2025-10-09 12:02:29.177 [info] Got 1 sessions for user:email...
2025-10-09 12:02:29.248 [info] Getting sessions for all scopes...
2025-10-09 12:02:29.248 [info] Got 1 sessions for ...
