2025-10-09 13:06:43.903 [info] Reading sessions from keychain...
2025-10-09 13:06:43.904 [info] Got stored sessions!
2025-10-09 13:06:43.904 [info] Got 1 verified sessions.
2025-10-09 13:06:43.904 [info] Getting sessions for all scopes...
2025-10-09 13:06:43.904 [info] Got 1 sessions for ...
2025-10-09 13:06:43.904 [info] Getting sessions for all scopes...
2025-10-09 13:06:43.904 [info] Got 1 sessions for ...
2025-10-09 13:06:43.904 [info] Getting sessions for all scopes...
2025-10-09 13:06:43.904 [info] Got 1 sessions for ...
2025-10-09 13:06:43.904 [info] Getting sessions for all scopes...
2025-10-09 13:06:43.904 [info] Got 1 sessions for ...
2025-10-09 13:06:43.904 [info] Getting sessions for all scopes...
2025-10-09 13:06:43.904 [info] Got 1 sessions for ...
2025-10-09 13:06:43.904 [info] Getting sessions for all scopes...
2025-10-09 13:06:43.904 [info] Got 1 sessions for ...
2025-10-09 13:06:43.904 [info] Getting sessions for all scopes...
2025-10-09 13:06:43.904 [info] Got 1 sessions for ...
2025-10-09 13:06:43.904 [info] Getting sessions for all scopes...
2025-10-09 13:06:43.904 [info] Got 1 sessions for ...
2025-10-09 13:06:43.904 [info] Getting sessions for all scopes...
2025-10-09 13:06:43.904 [info] Got 1 sessions for ...
2025-10-09 13:06:43.904 [info] Getting sessions for all scopes...
2025-10-09 13:06:43.904 [info] Got 1 sessions for ...
2025-10-09 13:06:43.904 [info] Getting sessions for all scopes...
2025-10-09 13:06:43.904 [info] Got 1 sessions for ...
2025-10-09 13:06:43.904 [info] Getting sessions for all scopes...
2025-10-09 13:06:43.904 [info] Got 1 sessions for ...
2025-10-09 13:06:43.904 [info] Getting sessions for all scopes...
2025-10-09 13:06:43.904 [info] Got 1 sessions for ...
2025-10-09 13:06:43.904 [info] Getting sessions for all scopes...
2025-10-09 13:06:43.904 [info] Got 1 sessions for ...
2025-10-09 13:06:44.200 [info] Getting sessions for all scopes...
2025-10-09 13:06:44.200 [info] Got 1 sessions for ...
2025-10-09 13:06:44.741 [info] Getting sessions for all scopes...
2025-10-09 13:06:44.741 [info] Got 1 sessions for ...
2025-10-09 13:06:44.747 [info] Getting sessions for user:email...
2025-10-09 13:06:44.747 [info] Got 1 sessions for user:email...
2025-10-09 13:06:44.748 [info] Getting sessions for all scopes...
2025-10-09 13:06:44.748 [info] Got 1 sessions for ...
2025-10-09 13:06:44.749 [info] Getting sessions for all scopes...
2025-10-09 13:06:44.749 [info] Got 1 sessions for ...
2025-10-09 13:06:44.799 [info] Getting sessions for all scopes...
2025-10-09 13:06:44.799 [info] Got 1 sessions for ...
2025-10-09 13:06:44.799 [info] Getting sessions for all scopes...
2025-10-09 13:06:44.799 [info] Got 1 sessions for ...
2025-10-09 13:06:45.177 [info] Getting sessions for all scopes...
2025-10-09 13:06:45.177 [info] Got 1 sessions for ...
2025-10-09 13:06:45.180 [info] Getting sessions for read:user,repo,user:email,workflow...
2025-10-09 13:06:45.180 [info] Got 0 sessions for read:user,repo,user:email,workflow...
2025-10-09 13:06:46.309 [info] FetcherService: Electron fetch failed with status: 429 
2025-10-09 13:06:46.312 [info] Getting sessions for all scopes...
2025-10-09 13:06:46.312 [info] Got 1 sessions for ...
2025-10-09 13:06:46.333 [info] Getting sessions for user:email...
2025-10-09 13:06:46.333 [info] Got 1 sessions for user:email...
2025-10-09 13:06:46.333 [info] Getting sessions for read:user,repo,user:email,workflow...
2025-10-09 13:06:46.333 [info] Got 0 sessions for read:user,repo,user:email,workflow...
2025-10-09 13:06:46.435 [info] Getting sessions for user:email...
2025-10-09 13:06:46.435 [info] Got 1 sessions for user:email...
2025-10-09 13:06:46.615 [info] Getting sessions for all scopes...
2025-10-09 13:06:46.615 [info] Got 1 sessions for ...
2025-10-09 13:06:46.616 [info] Getting sessions for all scopes...
2025-10-09 13:06:46.616 [info] Got 1 sessions for ...
2025-10-09 13:06:46.617 [info] Getting sessions for all scopes...
2025-10-09 13:06:46.617 [info] Got 1 sessions for ...
2025-10-09 13:06:46.617 [info] Getting sessions for read:user,repo,user:email,workflow...
2025-10-09 13:06:46.617 [info] Got 0 sessions for read:user,repo,user:email,workflow...
2025-10-09 13:06:46.621 [info] Getting sessions for read:user...
2025-10-09 13:06:46.621 [info] Got 0 sessions for read:user...
2025-10-09 13:06:46.650 [info] Getting sessions for user:email...
2025-10-09 13:06:46.650 [info] Got 1 sessions for user:email...
2025-10-09 13:06:46.704 [info] Getting sessions for all scopes...
2025-10-09 13:06:46.704 [info] Got 1 sessions for ...
2025-10-09 13:06:46.704 [info] Getting sessions for all scopes...
2025-10-09 13:06:46.704 [info] Got 1 sessions for ...
2025-10-09 13:06:46.704 [info] Getting sessions for all scopes...
2025-10-09 13:06:46.704 [info] Got 1 sessions for ...
2025-10-09 13:06:46.919 [info] FetcherService: Node fetch failed with status: 429 Too Many Requests
2025-10-09 13:06:47.150 [info] Getting sessions for all scopes...
2025-10-09 13:06:47.150 [info] Got 1 sessions for ...
2025-10-09 13:06:47.150 [info] Getting sessions for all scopes...
2025-10-09 13:06:47.150 [info] Got 1 sessions for ...
2025-10-09 13:06:47.264 [info] Getting sessions for user:email...
2025-10-09 13:06:47.264 [info] Got 1 sessions for user:email...
2025-10-09 13:06:47.264 [info] Getting sessions for all scopes...
2025-10-09 13:06:47.264 [info] Got 1 sessions for ...
2025-10-09 13:06:47.290 [info] Getting sessions for read:user,repo,user:email,workflow...
2025-10-09 13:06:47.290 [info] Got 0 sessions for read:user,repo,user:email,workflow...
2025-10-09 13:06:47.323 [info] Getting sessions for user:email...
2025-10-09 13:06:47.323 [info] Got 1 sessions for user:email...
2025-10-09 13:06:47.323 [info] Getting sessions for read:user,repo,user:email,workflow...
2025-10-09 13:06:47.323 [info] Got 0 sessions for read:user,repo,user:email,workflow...
2025-10-09 13:06:47.335 [info] Getting sessions for all scopes...
2025-10-09 13:06:47.335 [info] Got 1 sessions for ...
2025-10-09 13:06:47.379 [info] Getting sessions for all scopes...
2025-10-09 13:06:47.379 [info] Got 1 sessions for ...
2025-10-09 13:06:47.380 [info] Getting sessions for all scopes...
2025-10-09 13:06:47.380 [info] Got 1 sessions for ...
2025-10-09 13:06:47.380 [info] Getting sessions for all scopes...
2025-10-09 13:06:47.380 [info] Got 1 sessions for ...
2025-10-09 13:06:47.381 [info] Getting sessions for all scopes...
2025-10-09 13:06:47.381 [info] Got 1 sessions for ...
2025-10-09 13:06:47.382 [info] Getting sessions for read:user,repo,user:email,workflow...
2025-10-09 13:06:47.382 [info] Got 0 sessions for read:user,repo,user:email,workflow...
2025-10-09 13:06:47.385 [info] Getting sessions for user:email...
2025-10-09 13:06:47.385 [info] Got 1 sessions for user:email...
2025-10-09 13:06:47.385 [info] Getting sessions for read:user,repo,user:email,workflow...
2025-10-09 13:06:47.385 [info] Got 0 sessions for read:user,repo,user:email,workflow...
2025-10-09 13:06:47.387 [info] Getting sessions for all scopes...
2025-10-09 13:06:47.387 [info] Got 1 sessions for ...
2025-10-09 13:06:47.403 [info] FetcherService: Node http/s failed with status: 429 Too Many Requests
2025-10-09 13:06:47.427 [info] Getting sessions for read:user,repo,user:email,workflow...
2025-10-09 13:06:47.427 [info] Got 0 sessions for read:user,repo,user:email,workflow...
2025-10-09 13:06:47.427 [info] Getting sessions for user:email...
2025-10-09 13:06:47.427 [info] Got 1 sessions for user:email...
2025-10-09 13:06:47.553 [info] Getting sessions for all scopes...
2025-10-09 13:06:47.553 [info] Got 1 sessions for ...
2025-10-09 13:06:47.709 [info] Getting sessions for all scopes...
2025-10-09 13:06:47.709 [info] Got 1 sessions for ...
2025-10-09 13:06:47.709 [info] Getting sessions for all scopes...
2025-10-09 13:06:47.709 [info] Got 1 sessions for ...
2025-10-09 13:06:47.710 [info] Getting sessions for read:user,repo,user:email,workflow...
2025-10-09 13:06:47.710 [info] Got 0 sessions for read:user,repo,user:email,workflow...
2025-10-09 13:06:47.711 [info] Getting sessions for user:email...
2025-10-09 13:06:47.711 [info] Got 1 sessions for user:email...
2025-10-09 13:06:47.711 [info] Getting sessions for read:user,repo,user:email,workflow...
2025-10-09 13:06:47.711 [info] Got 0 sessions for read:user,repo,user:email,workflow...
2025-10-09 13:06:55.331 [info] Getting sessions for all scopes...
2025-10-09 13:06:55.331 [info] Got 1 sessions for ...
2025-10-09 13:07:29.307 [info] Getting sessions for all scopes...
2025-10-09 13:07:29.307 [info] Got 1 sessions for ...
2025-10-09 13:07:35.745 [info] Getting sessions for all scopes...
2025-10-09 13:07:35.745 [info] Got 1 sessions for ...
