2025-10-09 11:25:35.943 [info] Reading sessions from keychain...
2025-10-09 11:25:35.943 [info] Got stored sessions!
2025-10-09 11:25:35.943 [info] Got 1 verified sessions.
2025-10-09 11:25:35.943 [info] Getting sessions for all scopes...
2025-10-09 11:25:35.943 [info] Got 1 sessions for ...
2025-10-09 11:25:35.943 [info] Getting sessions for all scopes...
2025-10-09 11:25:35.943 [info] Got 1 sessions for ...
2025-10-09 11:25:35.943 [info] Getting sessions for all scopes...
2025-10-09 11:25:35.943 [info] Got 1 sessions for ...
2025-10-09 11:25:35.943 [info] Getting sessions for all scopes...
2025-10-09 11:25:35.943 [info] Got 1 sessions for ...
2025-10-09 11:25:35.943 [info] Getting sessions for all scopes...
2025-10-09 11:25:35.943 [info] Got 1 sessions for ...
2025-10-09 11:25:35.943 [info] Getting sessions for user:email...
2025-10-09 11:25:35.943 [info] Got 1 sessions for user:email...
2025-10-09 11:25:35.943 [info] Getting sessions for all scopes...
2025-10-09 11:25:35.943 [info] Got 1 sessions for ...
2025-10-09 11:25:35.943 [info] Getting sessions for all scopes...
2025-10-09 11:25:35.943 [info] Got 1 sessions for ...
2025-10-09 11:25:35.943 [info] Getting sessions for all scopes...
2025-10-09 11:25:35.943 [info] Got 1 sessions for ...
2025-10-09 11:25:35.943 [info] Getting sessions for all scopes...
2025-10-09 11:25:35.943 [info] Got 1 sessions for ...
2025-10-09 11:25:35.943 [info] Getting sessions for all scopes...
2025-10-09 11:25:35.943 [info] Got 1 sessions for ...
2025-10-09 11:25:35.943 [info] Getting sessions for all scopes...
2025-10-09 11:25:35.943 [info] Got 1 sessions for ...
2025-10-09 11:25:35.943 [info] Getting sessions for all scopes...
2025-10-09 11:25:35.943 [info] Got 1 sessions for ...
2025-10-09 11:25:35.943 [info] Getting sessions for all scopes...
2025-10-09 11:25:35.943 [info] Got 1 sessions for ...
2025-10-09 11:25:35.943 [info] Getting sessions for all scopes...
2025-10-09 11:25:35.943 [info] Got 1 sessions for ...
2025-10-09 11:25:35.943 [info] Getting sessions for all scopes...
2025-10-09 11:25:35.943 [info] Got 1 sessions for ...
2025-10-09 11:25:35.943 [info] Getting sessions for all scopes...
2025-10-09 11:25:35.943 [info] Got 1 sessions for ...
2025-10-09 11:25:36.091 [info] Getting sessions for all scopes...
2025-10-09 11:25:36.091 [info] Got 1 sessions for ...
2025-10-09 11:25:37.190 [info] Getting sessions for all scopes...
2025-10-09 11:25:37.190 [info] Got 1 sessions for ...
2025-10-09 11:25:37.344 [info] FetcherService: Electron fetch failed with status: 429 
2025-10-09 11:25:37.493 [info] Getting sessions for all scopes...
2025-10-09 11:25:37.493 [info] Got 1 sessions for ...
2025-10-09 11:25:37.494 [info] Getting sessions for all scopes...
2025-10-09 11:25:37.494 [info] Got 1 sessions for ...
2025-10-09 11:25:37.497 [info] Getting sessions for all scopes...
2025-10-09 11:25:37.497 [info] Got 1 sessions for ...
2025-10-09 11:25:37.620 [info] FetcherService: Node fetch failed with status: 429 Too Many Requests
2025-10-09 11:25:37.898 [info] FetcherService: Node http/s failed with status: 429 Too Many Requests
2025-10-09 11:26:36.856 [info] Reading sessions from keychain...
2025-10-09 11:26:36.856 [info] Getting sessions for all scopes...
2025-10-09 11:26:36.856 [info] Got stored sessions!
2025-10-09 11:26:36.856 [info] Got 1 verified sessions.
2025-10-09 11:26:36.856 [info] Got 1 sessions for ...
2025-10-09 11:26:36.856 [info] Getting sessions for all scopes...
2025-10-09 11:26:36.856 [info] Got 1 sessions for ...
2025-10-09 11:26:36.856 [info] Getting sessions for all scopes...
2025-10-09 11:26:36.856 [info] Got 1 sessions for ...
2025-10-09 11:26:36.856 [info] Getting sessions for all scopes...
2025-10-09 11:26:36.856 [info] Got 1 sessions for ...
2025-10-09 11:26:36.856 [info] Getting sessions for all scopes...
2025-10-09 11:26:36.856 [info] Got 1 sessions for ...
2025-10-09 11:26:36.856 [info] Getting sessions for all scopes...
2025-10-09 11:26:36.856 [info] Got 1 sessions for ...
2025-10-09 11:26:36.856 [info] Getting sessions for all scopes...
2025-10-09 11:26:36.856 [info] Got 1 sessions for ...
2025-10-09 11:26:36.856 [info] Getting sessions for all scopes...
2025-10-09 11:26:36.856 [info] Got 1 sessions for ...
2025-10-09 11:26:36.856 [info] Getting sessions for all scopes...
2025-10-09 11:26:36.856 [info] Got 1 sessions for ...
2025-10-09 11:26:36.856 [info] Getting sessions for all scopes...
2025-10-09 11:26:36.856 [info] Got 1 sessions for ...
2025-10-09 11:26:36.856 [info] Getting sessions for all scopes...
2025-10-09 11:26:36.856 [info] Got 1 sessions for ...
2025-10-09 11:26:36.856 [info] Getting sessions for all scopes...
2025-10-09 11:26:36.856 [info] Got 1 sessions for ...
2025-10-09 11:26:36.856 [info] Getting sessions for all scopes...
2025-10-09 11:26:36.856 [info] Got 1 sessions for ...
2025-10-09 11:26:36.856 [info] Getting sessions for all scopes...
2025-10-09 11:26:36.856 [info] Got 1 sessions for ...
2025-10-09 11:26:36.856 [info] Getting sessions for all scopes...
2025-10-09 11:26:36.856 [info] Got 1 sessions for ...
2025-10-09 11:26:36.914 [info] Getting sessions for all scopes...
2025-10-09 11:26:36.914 [info] Got 1 sessions for ...
2025-10-09 11:26:36.949 [info] Getting sessions for user:email...
2025-10-09 11:26:36.949 [info] Got 1 sessions for user:email...
2025-10-09 11:26:37.009 [info] Getting sessions for all scopes...
2025-10-09 11:26:37.009 [info] Got 1 sessions for ...
2025-10-09 11:26:37.386 [info] Getting sessions for all scopes...
2025-10-09 11:26:37.386 [info] Got 1 sessions for ...
2025-10-09 11:26:37.969 [info] FetcherService: Electron fetch failed with status: 429 
2025-10-09 11:26:38.273 [info] FetcherService: Node fetch failed with status: 429 Too Many Requests
2025-10-09 11:26:38.576 [info] FetcherService: Node http/s failed with status: 429 Too Many Requests
2025-10-09 11:26:38.919 [info] Getting sessions for all scopes...
2025-10-09 11:26:38.919 [info] Got 1 sessions for ...
2025-10-09 11:26:38.919 [info] Getting sessions for all scopes...
2025-10-09 11:26:38.919 [info] Got 1 sessions for ...
2025-10-09 11:26:38.924 [info] Getting sessions for all scopes...
2025-10-09 11:26:38.924 [info] Got 1 sessions for ...
2025-10-09 11:26:38.956 [info] Getting sessions for all scopes...
2025-10-09 11:26:38.956 [info] Got 1 sessions for ...
2025-10-09 11:26:51.968 [info] Reading sessions from keychain...
2025-10-09 11:26:51.968 [info] Getting sessions for all scopes...
2025-10-09 11:26:51.968 [info] Got stored sessions!
2025-10-09 11:26:51.968 [info] Got 1 verified sessions.
2025-10-09 11:26:51.968 [info] Got 1 sessions for ...
2025-10-09 11:26:51.968 [info] Getting sessions for all scopes...
2025-10-09 11:26:51.968 [info] Got 1 sessions for ...
2025-10-09 11:26:51.968 [info] Getting sessions for all scopes...
2025-10-09 11:26:51.968 [info] Got 1 sessions for ...
2025-10-09 11:26:51.968 [info] Getting sessions for all scopes...
2025-10-09 11:26:51.968 [info] Got 1 sessions for ...
2025-10-09 11:26:51.968 [info] Getting sessions for user:email...
2025-10-09 11:26:51.968 [info] Got 1 sessions for user:email...
2025-10-09 11:26:51.968 [info] Getting sessions for all scopes...
2025-10-09 11:26:51.968 [info] Got 1 sessions for ...
2025-10-09 11:26:51.968 [info] Getting sessions for all scopes...
2025-10-09 11:26:51.968 [info] Got 1 sessions for ...
2025-10-09 11:26:51.968 [info] Getting sessions for all scopes...
2025-10-09 11:26:51.968 [info] Got 1 sessions for ...
2025-10-09 11:26:51.968 [info] Getting sessions for all scopes...
2025-10-09 11:26:51.968 [info] Got 1 sessions for ...
2025-10-09 11:26:51.968 [info] Getting sessions for all scopes...
2025-10-09 11:26:51.968 [info] Got 1 sessions for ...
2025-10-09 11:26:51.968 [info] Getting sessions for all scopes...
2025-10-09 11:26:51.968 [info] Got 1 sessions for ...
2025-10-09 11:26:51.968 [info] Getting sessions for all scopes...
2025-10-09 11:26:51.968 [info] Got 1 sessions for ...
2025-10-09 11:26:51.968 [info] Getting sessions for all scopes...
2025-10-09 11:26:51.968 [info] Got 1 sessions for ...
2025-10-09 11:26:51.968 [info] Getting sessions for all scopes...
2025-10-09 11:26:51.968 [info] Got 1 sessions for ...
2025-10-09 11:26:51.968 [info] Getting sessions for all scopes...
2025-10-09 11:26:51.968 [info] Got 1 sessions for ...
2025-10-09 11:26:51.968 [info] Getting sessions for all scopes...
2025-10-09 11:26:51.968 [info] Got 1 sessions for ...
2025-10-09 11:26:51.972 [info] Getting sessions for all scopes...
2025-10-09 11:26:51.972 [info] Got 1 sessions for ...
2025-10-09 11:26:52.126 [info] Getting sessions for all scopes...
2025-10-09 11:26:52.126 [info] Got 1 sessions for ...
2025-10-09 11:26:53.083 [info] FetcherService: Electron fetch failed with status: 429 
2025-10-09 11:26:53.380 [info] FetcherService: Node fetch failed with status: 429 Too Many Requests
2025-10-09 11:26:53.663 [info] FetcherService: Node http/s failed with status: 429 Too Many Requests
2025-10-09 11:26:54.115 [info] Getting sessions for all scopes...
2025-10-09 11:26:54.115 [info] Got 1 sessions for ...
2025-10-09 11:26:54.115 [info] Getting sessions for all scopes...
2025-10-09 11:26:54.115 [info] Got 1 sessions for ...
2025-10-09 11:26:54.119 [info] Getting sessions for all scopes...
2025-10-09 11:26:54.119 [info] Got 1 sessions for ...
2025-10-09 11:26:54.174 [info] Getting sessions for all scopes...
2025-10-09 11:26:54.174 [info] Got 1 sessions for ...
2025-10-09 11:26:54.901 [info] Getting sessions for all scopes...
2025-10-09 11:26:54.901 [info] Got 1 sessions for ...
2025-10-09 11:27:16.213 [info] Getting sessions for all scopes...
2025-10-09 11:27:16.214 [info] Got 1 sessions for ...
2025-10-09 11:27:59.907 [info] Getting sessions for all scopes...
2025-10-09 11:27:59.907 [info] Got 1 sessions for ...
2025-10-09 11:28:00.039 [info] Getting sessions for all scopes...
2025-10-09 11:28:00.039 [info] Got 1 sessions for ...
2025-10-09 11:31:00.259 [info] Getting sessions for all scopes...
2025-10-09 11:31:00.259 [info] Got 1 sessions for ...
2025-10-09 11:32:06.321 [info] Getting sessions for all scopes...
2025-10-09 11:32:06.321 [info] Got 1 sessions for ...
2025-10-09 11:33:39.322 [info] Getting sessions for all scopes...
2025-10-09 11:33:39.322 [info] Got 1 sessions for ...
2025-10-09 11:33:50.773 [info] Getting sessions for all scopes...
2025-10-09 11:33:50.773 [info] Got 1 sessions for ...
2025-10-09 11:35:58.143 [info] Getting sessions for all scopes...
2025-10-09 11:35:58.143 [info] Got 1 sessions for ...
2025-10-09 11:43:15.852 [info] Getting sessions for all scopes...
2025-10-09 11:43:15.853 [info] Got 1 sessions for ...
2025-10-09 11:43:17.042 [info] Getting sessions for all scopes...
2025-10-09 11:43:17.042 [info] Got 1 sessions for ...
2025-10-09 11:43:19.688 [info] Getting sessions for all scopes...
2025-10-09 11:43:19.688 [info] Got 1 sessions for ...
2025-10-09 11:43:24.826 [info] Getting sessions for all scopes...
2025-10-09 11:43:24.826 [info] Got 1 sessions for ...
2025-10-09 11:43:24.851 [info] Getting sessions for all scopes...
2025-10-09 11:43:24.851 [info] Got 1 sessions for ...
2025-10-09 11:43:24.851 [info] Getting sessions for all scopes...
2025-10-09 11:43:24.851 [info] Got 1 sessions for ...
2025-10-09 11:43:25.351 [info] Getting sessions for all scopes...
2025-10-09 11:43:25.351 [info] Got 1 sessions for ...
2025-10-09 11:43:25.352 [info] Getting sessions for read:user,repo,user:email,workflow...
2025-10-09 11:43:25.352 [info] Got 0 sessions for read:user,repo,user:email,workflow...
2025-10-09 11:43:25.425 [info] Getting sessions for user:email...
2025-10-09 11:43:25.425 [info] Got 1 sessions for user:email...
2025-10-09 11:43:25.431 [info] Getting sessions for read:user,repo,user:email,workflow...
2025-10-09 11:43:25.431 [info] Got 0 sessions for read:user,repo,user:email,workflow...
2025-10-09 11:43:25.587 [info] Getting sessions for all scopes...
2025-10-09 11:43:25.587 [info] Got 1 sessions for ...
2025-10-09 11:43:25.589 [info] Getting sessions for all scopes...
2025-10-09 11:43:25.589 [info] Got 1 sessions for ...
2025-10-09 11:43:25.589 [info] Getting sessions for read:user,repo,user:email,workflow...
2025-10-09 11:43:25.589 [info] Got 0 sessions for read:user,repo,user:email,workflow...
2025-10-09 11:43:25.591 [info] Getting sessions for read:user...
2025-10-09 11:43:25.591 [info] Got 0 sessions for read:user...
2025-10-09 11:43:25.591 [info] Getting sessions for user:email...
2025-10-09 11:43:25.591 [info] Got 1 sessions for user:email...
2025-10-09 11:43:25.671 [info] Getting sessions for all scopes...
2025-10-09 11:43:25.671 [info] Got 1 sessions for ...
2025-10-09 11:43:25.672 [info] Getting sessions for all scopes...
2025-10-09 11:43:25.672 [info] Got 1 sessions for ...
2025-10-09 11:43:25.672 [info] Getting sessions for read:user,repo,user:email,workflow...
2025-10-09 11:43:25.672 [info] Got 0 sessions for read:user,repo,user:email,workflow...
2025-10-09 11:43:25.674 [info] Getting sessions for user:email...
2025-10-09 11:43:25.674 [info] Got 1 sessions for user:email...
2025-10-09 11:43:26.116 [info] Getting sessions for user:email...
2025-10-09 11:43:26.116 [info] Got 1 sessions for user:email...
2025-10-09 11:43:26.116 [info] Getting sessions for all scopes...
2025-10-09 11:43:26.116 [info] Got 1 sessions for ...
2025-10-09 11:43:26.143 [info] Getting sessions for all scopes...
2025-10-09 11:43:26.143 [info] Got 1 sessions for ...
2025-10-09 11:43:26.143 [info] Getting sessions for all scopes...
2025-10-09 11:43:26.143 [info] Got 1 sessions for ...
2025-10-09 11:43:26.148 [info] Getting sessions for read:user,repo,user:email,workflow...
2025-10-09 11:43:26.148 [info] Got 0 sessions for read:user,repo,user:email,workflow...
2025-10-09 11:43:26.149 [info] Getting sessions for user:email...
2025-10-09 11:43:26.149 [info] Got 1 sessions for user:email...
2025-10-09 11:43:26.149 [info] Getting sessions for read:user,repo,user:email,workflow...
2025-10-09 11:43:26.149 [info] Got 0 sessions for read:user,repo,user:email,workflow...
2025-10-09 11:43:26.150 [info] Getting sessions for all scopes...
2025-10-09 11:43:26.150 [info] Got 1 sessions for ...
2025-10-09 11:43:26.150 [info] Getting sessions for read:user,repo,user:email,workflow...
2025-10-09 11:43:26.150 [info] Got 0 sessions for read:user,repo,user:email,workflow...
2025-10-09 11:43:26.151 [info] Getting sessions for user:email...
2025-10-09 11:43:26.151 [info] Got 1 sessions for user:email...
2025-10-09 11:43:26.195 [info] Getting sessions for all scopes...
2025-10-09 11:43:26.195 [info] Got 1 sessions for ...
2025-10-09 11:43:26.196 [info] Getting sessions for all scopes...
2025-10-09 11:43:26.196 [info] Got 1 sessions for ...
2025-10-09 11:43:26.196 [info] Getting sessions for all scopes...
2025-10-09 11:43:26.196 [info] Got 1 sessions for ...
2025-10-09 11:43:26.196 [info] Getting sessions for all scopes...
2025-10-09 11:43:26.196 [info] Got 1 sessions for ...
2025-10-09 11:43:26.196 [info] Getting sessions for all scopes...
2025-10-09 11:43:26.196 [info] Got 1 sessions for ...
2025-10-09 11:43:26.197 [info] Getting sessions for read:user,repo,user:email,workflow...
2025-10-09 11:43:26.197 [info] Got 0 sessions for read:user,repo,user:email,workflow...
2025-10-09 11:43:26.198 [info] Getting sessions for user:email...
2025-10-09 11:43:26.198 [info] Got 1 sessions for user:email...
2025-10-09 11:43:26.198 [info] Getting sessions for read:user,repo,user:email,workflow...
2025-10-09 11:43:26.198 [info] Got 0 sessions for read:user,repo,user:email,workflow...
2025-10-09 11:43:26.199 [info] Getting sessions for all scopes...
2025-10-09 11:43:26.200 [info] Got 1 sessions for ...
2025-10-09 11:43:26.200 [info] Getting sessions for read:user,repo,user:email,workflow...
2025-10-09 11:43:26.200 [info] Got 0 sessions for read:user,repo,user:email,workflow...
2025-10-09 11:43:26.201 [info] Getting sessions for user:email...
2025-10-09 11:43:26.201 [info] Got 1 sessions for user:email...
2025-10-09 11:43:26.572 [info] Getting sessions for all scopes...
2025-10-09 11:43:26.572 [info] Got 1 sessions for ...
2025-10-09 11:43:26.572 [info] Getting sessions for all scopes...
2025-10-09 11:43:26.572 [info] Got 1 sessions for ...
2025-10-09 11:43:26.573 [info] Getting sessions for read:user,repo,user:email,workflow...
2025-10-09 11:43:26.573 [info] Got 0 sessions for read:user,repo,user:email,workflow...
2025-10-09 11:43:26.574 [info] Getting sessions for user:email...
2025-10-09 11:43:26.574 [info] Got 1 sessions for user:email...
2025-10-09 11:43:26.574 [info] Getting sessions for read:user,repo,user:email,workflow...
2025-10-09 11:43:26.574 [info] Got 0 sessions for read:user,repo,user:email,workflow...
2025-10-09 11:43:27.043 [info] Getting sessions for all scopes...
2025-10-09 11:43:27.043 [info] Got 1 sessions for ...
2025-10-09 11:43:27.140 [info] Getting sessions for all scopes...
2025-10-09 11:43:27.140 [info] Got 1 sessions for ...
2025-10-09 11:43:57.430 [info] Getting sessions for all scopes...
2025-10-09 11:43:57.430 [info] Got 1 sessions for ...
2025-10-09 11:43:57.430 [info] Getting sessions for read:user,repo,user:email,workflow...
2025-10-09 11:43:57.430 [info] Got 0 sessions for read:user,repo,user:email,workflow...
2025-10-09 11:43:57.431 [info] Getting sessions for user:email...
2025-10-09 11:43:57.431 [info] Got 1 sessions for user:email...
