2025-10-09 13:24:52.041 [info] Reading sessions from keychain...
2025-10-09 13:24:52.041 [info] Getting sessions for all scopes...
2025-10-09 13:24:52.041 [info] Got stored sessions!
2025-10-09 13:24:52.041 [info] Got 1 verified sessions.
2025-10-09 13:24:52.041 [info] Got 1 sessions for ...
2025-10-09 13:24:52.041 [info] Getting sessions for all scopes...
2025-10-09 13:24:52.041 [info] Got 1 sessions for ...
2025-10-09 13:24:52.041 [info] Getting sessions for all scopes...
2025-10-09 13:24:52.041 [info] Got 1 sessions for ...
2025-10-09 13:24:52.041 [info] Getting sessions for all scopes...
2025-10-09 13:24:52.041 [info] Got 1 sessions for ...
2025-10-09 13:24:52.041 [info] Getting sessions for all scopes...
2025-10-09 13:24:52.041 [info] Got 1 sessions for ...
2025-10-09 13:24:52.041 [info] Getting sessions for all scopes...
2025-10-09 13:24:52.041 [info] Got 1 sessions for ...
2025-10-09 13:24:52.041 [info] Getting sessions for all scopes...
2025-10-09 13:24:52.041 [info] Got 1 sessions for ...
2025-10-09 13:24:52.041 [info] Getting sessions for all scopes...
2025-10-09 13:24:52.041 [info] Got 1 sessions for ...
2025-10-09 13:24:52.041 [info] Getting sessions for all scopes...
2025-10-09 13:24:52.041 [info] Got 1 sessions for ...
2025-10-09 13:24:52.041 [info] Getting sessions for user:email...
2025-10-09 13:24:52.041 [info] Got 1 sessions for user:email...
2025-10-09 13:24:52.044 [info] Getting sessions for all scopes...
2025-10-09 13:24:52.044 [info] Got 1 sessions for ...
2025-10-09 13:24:52.044 [info] Getting sessions for all scopes...
2025-10-09 13:24:52.045 [info] Got 1 sessions for ...
2025-10-09 13:24:52.045 [info] Getting sessions for all scopes...
2025-10-09 13:24:52.045 [info] Got 1 sessions for ...
2025-10-09 13:24:52.045 [info] Getting sessions for all scopes...
2025-10-09 13:24:52.045 [info] Got 1 sessions for ...
2025-10-09 13:24:52.045 [info] Getting sessions for all scopes...
2025-10-09 13:24:52.045 [info] Got 1 sessions for ...
2025-10-09 13:24:52.045 [info] Getting sessions for all scopes...
2025-10-09 13:24:52.045 [info] Got 1 sessions for ...
2025-10-09 13:24:52.220 [info] Getting sessions for all scopes...
2025-10-09 13:24:52.220 [info] Got 1 sessions for ...
2025-10-09 13:24:52.676 [info] Getting sessions for all scopes...
2025-10-09 13:24:52.676 [info] Got 1 sessions for ...
2025-10-09 13:24:52.679 [info] Getting sessions for all scopes...
2025-10-09 13:24:52.679 [info] Got 1 sessions for ...
2025-10-09 13:24:52.696 [info] Getting sessions for all scopes...
2025-10-09 13:24:52.696 [info] Got 1 sessions for ...
2025-10-09 13:24:52.696 [info] Getting sessions for all scopes...
2025-10-09 13:24:52.696 [info] Got 1 sessions for ...
2025-10-09 13:24:52.740 [info] Getting sessions for read:user,repo,user:email,workflow...
2025-10-09 13:24:52.740 [info] Got 0 sessions for read:user,repo,user:email,workflow...
2025-10-09 13:24:52.741 [info] Getting sessions for user:email...
2025-10-09 13:24:52.741 [info] Got 1 sessions for user:email...
2025-10-09 13:24:52.741 [info] Getting sessions for read:user,repo,user:email,workflow...
2025-10-09 13:24:52.741 [info] Got 0 sessions for read:user,repo,user:email,workflow...
2025-10-09 13:24:53.933 [info] Getting sessions for all scopes...
2025-10-09 13:24:53.933 [info] Got 1 sessions for ...
2025-10-09 13:24:53.943 [info] Getting sessions for all scopes...
2025-10-09 13:24:53.943 [info] Got 1 sessions for ...
2025-10-09 13:24:53.943 [info] Getting sessions for all scopes...
2025-10-09 13:24:53.943 [info] Got 1 sessions for ...
2025-10-09 13:24:53.944 [info] Getting sessions for all scopes...
2025-10-09 13:24:53.944 [info] Got 1 sessions for ...
2025-10-09 13:24:53.944 [info] Getting sessions for all scopes...
2025-10-09 13:24:53.944 [info] Got 1 sessions for ...
2025-10-09 13:24:53.959 [info] Getting sessions for all scopes...
2025-10-09 13:24:53.959 [info] Got 1 sessions for ...
2025-10-09 13:24:53.960 [info] Getting sessions for user:email...
2025-10-09 13:24:53.960 [info] Got 1 sessions for user:email...
2025-10-09 13:24:53.960 [info] Getting sessions for all scopes...
2025-10-09 13:24:53.960 [info] Got 1 sessions for ...
2025-10-09 13:24:54.292 [info] Getting sessions for read:user,repo,user:email,workflow...
2025-10-09 13:24:54.292 [info] Got 0 sessions for read:user,repo,user:email,workflow...
2025-10-09 13:24:54.358 [info] FetcherService: Electron fetch failed with status: 429 
2025-10-09 13:24:54.550 [info] Getting sessions for user:email...
2025-10-09 13:24:54.550 [info] Got 1 sessions for user:email...
2025-10-09 13:24:54.730 [info] Getting sessions for all scopes...
2025-10-09 13:24:54.730 [info] Got 1 sessions for ...
2025-10-09 13:24:54.731 [info] Getting sessions for all scopes...
2025-10-09 13:24:54.732 [info] Got 1 sessions for ...
2025-10-09 13:24:54.732 [info] Getting sessions for read:user,repo,user:email,workflow...
2025-10-09 13:24:54.732 [info] Got 0 sessions for read:user,repo,user:email,workflow...
2025-10-09 13:24:54.734 [info] Getting sessions for read:user...
2025-10-09 13:24:54.734 [info] Got 0 sessions for read:user...
2025-10-09 13:24:54.735 [info] Getting sessions for user:email...
2025-10-09 13:24:54.735 [info] Got 1 sessions for user:email...
2025-10-09 13:24:54.977 [info] FetcherService: Node fetch failed with status: 429 Too Many Requests
2025-10-09 13:24:55.173 [info] Getting sessions for all scopes...
2025-10-09 13:24:55.173 [info] Got 1 sessions for ...
2025-10-09 13:24:55.173 [info] Getting sessions for all scopes...
2025-10-09 13:24:55.173 [info] Got 1 sessions for ...
2025-10-09 13:24:55.175 [info] Getting sessions for read:user,repo,user:email,workflow...
2025-10-09 13:24:55.175 [info] Got 0 sessions for read:user,repo,user:email,workflow...
2025-10-09 13:24:55.180 [info] Getting sessions for user:email...
2025-10-09 13:24:55.180 [info] Got 1 sessions for user:email...
2025-10-09 13:24:55.180 [info] Getting sessions for read:user,repo,user:email,workflow...
2025-10-09 13:24:55.180 [info] Got 0 sessions for read:user,repo,user:email,workflow...
2025-10-09 13:24:55.217 [info] Getting sessions for all scopes...
2025-10-09 13:24:55.217 [info] Got 1 sessions for ...
2025-10-09 13:24:55.218 [info] Getting sessions for all scopes...
2025-10-09 13:24:55.218 [info] Got 1 sessions for ...
2025-10-09 13:24:55.218 [info] Getting sessions for all scopes...
2025-10-09 13:24:55.218 [info] Got 1 sessions for ...
2025-10-09 13:24:55.219 [info] Getting sessions for all scopes...
2025-10-09 13:24:55.219 [info] Got 1 sessions for ...
2025-10-09 13:24:55.248 [info] Getting sessions for read:user,repo,user:email,workflow...
2025-10-09 13:24:55.248 [info] Got 0 sessions for read:user,repo,user:email,workflow...
2025-10-09 13:24:55.257 [info] Getting sessions for user:email...
2025-10-09 13:24:55.257 [info] Got 1 sessions for user:email...
2025-10-09 13:24:55.257 [info] Getting sessions for read:user,repo,user:email,workflow...
2025-10-09 13:24:55.257 [info] Got 0 sessions for read:user,repo,user:email,workflow...
2025-10-09 13:24:55.258 [info] Getting sessions for all scopes...
2025-10-09 13:24:55.258 [info] Got 1 sessions for ...
2025-10-09 13:24:55.289 [info] Getting sessions for read:user,repo,user:email,workflow...
2025-10-09 13:24:55.289 [info] Got 0 sessions for read:user,repo,user:email,workflow...
2025-10-09 13:24:55.290 [info] Getting sessions for user:email...
2025-10-09 13:24:55.290 [info] Got 1 sessions for user:email...
2025-10-09 13:24:55.291 [info] FetcherService: Node http/s failed with status: 429 Too Many Requests
2025-10-09 13:24:55.682 [info] Getting sessions for all scopes...
2025-10-09 13:24:55.682 [info] Got 1 sessions for ...
