2025-10-09 13:16:58.172 [info] Extension host with pid 13336 started
2025-10-09 13:16:58.183 [info] ExtensionService#_doActivateExtension vscode.github-authentication, startup: false, activationEvent: 'onAuthenticationRequest:github'
2025-10-09 13:16:58.202 [info] ExtensionService#_doActivateExtension vscode.emmet, startup: false, activationEvent: 'onLanguage'
2025-10-09 13:16:58.250 [info] ExtensionService#_doActivateExtension vscode.git-base, startup: true, activationEvent: '*'
2025-10-09 13:16:58.255 [info] ExtensionService#_doActivateExtension vscode.github, startup: true, activationEvent: '*'
2025-10-09 13:16:58.307 [info] Eager extensions activated
2025-10-09 13:16:58.350 [info] ExtensionService#_doActivateExtension vscode.debug-auto-launch, startup: false, activationEvent: 'onStartupFinished'
2025-10-09 13:16:58.352 [info] ExtensionService#_doActivateExtension vscode.merge-conflict, startup: false, activationEvent: 'onStartupFinished'
2025-10-09 13:16:58.366 [info] ExtensionService#_doActivateExtension esbenp.prettier-vscode, startup: false, activationEvent: 'onStartupFinished'
2025-10-09 13:16:58.878 [info] ExtensionService#_doActivateExtension vscode.configuration-editing, startup: false, activationEvent: 'onLanguage:jsonc'
2025-10-09 13:16:58.885 [info] ExtensionService#_doActivateExtension vscode.json-language-features, startup: false, activationEvent: 'onLanguage:jsonc'
2025-10-09 13:16:58.923 [info] ExtensionService#_doActivateExtension vscode.typescript-language-features, startup: false, activationEvent: 'onLanguage:jsonc'
2025-10-09 13:17:00.355 [info] Extension host terminating: renderer closed the MessagePort
2025-10-09 13:17:00.367 [error] ProxyResolver#resolveProxy DIRECT Canceled: Canceled
	at new MR (file:///f:/VSCODE/Microsoft%20VS%20Code/resources/app/out/vs/workbench/api/node/extensionHostProcess.js:29:116391)
	at U4.U (file:///f:/VSCODE/Microsoft%20VS%20Code/resources/app/out/vs/workbench/api/node/extensionHostProcess.js:29:121001)
	at s.<computed>.n.charCodeAt.s.<computed> (file:///f:/VSCODE/Microsoft%20VS%20Code/resources/app/out/vs/workbench/api/node/extensionHostProcess.js:29:118495)
	at zb.resolveProxy (file:///f:/VSCODE/Microsoft%20VS%20Code/resources/app/out/vs/workbench/api/node/extensionHostProcess.js:111:74817)
	at Object.resolveProxy (file:///f:/VSCODE/Microsoft%20VS%20Code/resources/app/out/vs/workbench/api/node/extensionHostProcess.js:203:25819)
	at useProxySettings (f:\VSCODE\Microsoft VS Code\resources\app\node_modules\@vscode\proxy-agent\out\index.js:208:16)
	at f:\VSCODE\Microsoft VS Code\resources\app\node_modules\@vscode\proxy-agent\out\index.js:145:13
	at f:\VSCODE\Microsoft VS Code\resources\app\node_modules\@vscode\proxy-agent\out\index.js:788:13 
2025-10-09 13:17:00.372 [info] Extension host with pid 13336 exiting with code 0
