2025-10-09 13:17:13.574 [info] Reading sessions from keychain...
2025-10-09 13:17:13.574 [info] Got stored sessions!
2025-10-09 13:17:13.574 [info] Got 1 verified sessions.
2025-10-09 13:17:13.574 [info] Getting sessions for all scopes...
2025-10-09 13:17:13.574 [info] Got 1 sessions for ...
2025-10-09 13:17:13.574 [info] Getting sessions for all scopes...
2025-10-09 13:17:13.574 [info] Got 1 sessions for ...
2025-10-09 13:17:13.574 [info] Getting sessions for all scopes...
2025-10-09 13:17:13.574 [info] Got 1 sessions for ...
2025-10-09 13:17:13.574 [info] Getting sessions for all scopes...
2025-10-09 13:17:13.574 [info] Got 1 sessions for ...
2025-10-09 13:17:13.574 [info] Getting sessions for all scopes...
2025-10-09 13:17:13.574 [info] Got 1 sessions for ...
2025-10-09 13:17:13.574 [info] Getting sessions for all scopes...
2025-10-09 13:17:13.574 [info] Got 1 sessions for ...
2025-10-09 13:17:13.574 [info] Getting sessions for all scopes...
2025-10-09 13:17:13.574 [info] Got 1 sessions for ...
2025-10-09 13:17:13.574 [info] Getting sessions for all scopes...
2025-10-09 13:17:13.574 [info] Got 1 sessions for ...
2025-10-09 13:17:13.574 [info] Getting sessions for all scopes...
2025-10-09 13:17:13.574 [info] Got 1 sessions for ...
2025-10-09 13:17:13.574 [info] Getting sessions for all scopes...
2025-10-09 13:17:13.574 [info] Got 1 sessions for ...
2025-10-09 13:17:13.574 [info] Getting sessions for all scopes...
2025-10-09 13:17:13.574 [info] Got 1 sessions for ...
2025-10-09 13:17:13.574 [info] Getting sessions for all scopes...
2025-10-09 13:17:13.574 [info] Got 1 sessions for ...
2025-10-09 13:17:13.574 [info] Getting sessions for all scopes...
2025-10-09 13:17:13.574 [info] Got 1 sessions for ...
2025-10-09 13:17:13.574 [info] Getting sessions for all scopes...
2025-10-09 13:17:13.574 [info] Got 1 sessions for ...
2025-10-09 13:17:13.643 [info] Getting sessions for all scopes...
2025-10-09 13:17:13.643 [info] Got 1 sessions for ...
2025-10-09 13:17:14.206 [info] Getting sessions for user:email...
2025-10-09 13:17:14.206 [info] Got 1 sessions for user:email...
2025-10-09 13:17:14.209 [info] Getting sessions for all scopes...
2025-10-09 13:17:14.209 [info] Got 1 sessions for ...
2025-10-09 13:17:14.211 [info] Getting sessions for all scopes...
2025-10-09 13:17:14.211 [info] Got 1 sessions for ...
2025-10-09 13:17:14.212 [info] Getting sessions for all scopes...
2025-10-09 13:17:14.213 [info] Got 1 sessions for ...
