2025-10-09 13:16:58.259 [info] Reading sessions from keychain...
2025-10-09 13:16:58.259 [info] Getting sessions for all scopes...
2025-10-09 13:16:58.259 [info] Got stored sessions!
2025-10-09 13:16:58.259 [info] Got 1 verified sessions.
2025-10-09 13:16:58.259 [info] Got 1 sessions for ...
2025-10-09 13:16:58.259 [info] Getting sessions for all scopes...
2025-10-09 13:16:58.259 [info] Got 1 sessions for ...
2025-10-09 13:16:58.259 [info] Getting sessions for all scopes...
2025-10-09 13:16:58.259 [info] Got 1 sessions for ...
2025-10-09 13:16:58.259 [info] Getting sessions for all scopes...
2025-10-09 13:16:58.259 [info] Got 1 sessions for ...
2025-10-09 13:16:58.259 [info] Getting sessions for all scopes...
2025-10-09 13:16:58.259 [info] Got 1 sessions for ...
2025-10-09 13:16:58.259 [info] Getting sessions for all scopes...
2025-10-09 13:16:58.259 [info] Got 1 sessions for ...
2025-10-09 13:16:58.259 [info] Getting sessions for all scopes...
2025-10-09 13:16:58.259 [info] Got 1 sessions for ...
2025-10-09 13:16:58.259 [info] Getting sessions for all scopes...
2025-10-09 13:16:58.259 [info] Got 1 sessions for ...
2025-10-09 13:16:58.259 [info] Getting sessions for all scopes...
2025-10-09 13:16:58.259 [info] Got 1 sessions for ...
2025-10-09 13:16:58.259 [info] Getting sessions for all scopes...
2025-10-09 13:16:58.259 [info] Got 1 sessions for ...
2025-10-09 13:16:58.259 [info] Getting sessions for all scopes...
2025-10-09 13:16:58.259 [info] Got 1 sessions for ...
2025-10-09 13:16:58.259 [info] Getting sessions for all scopes...
2025-10-09 13:16:58.259 [info] Got 1 sessions for ...
2025-10-09 13:16:58.259 [info] Getting sessions for all scopes...
2025-10-09 13:16:58.259 [info] Got 1 sessions for ...
2025-10-09 13:16:58.515 [info] Getting sessions for all scopes...
2025-10-09 13:16:58.515 [info] Got 1 sessions for ...
2025-10-09 13:16:58.614 [info] Getting sessions for all scopes...
2025-10-09 13:16:58.614 [info] Got 1 sessions for ...
2025-10-09 13:16:58.660 [info] Getting sessions for user:email...
2025-10-09 13:16:58.660 [info] Got 1 sessions for user:email...
2025-10-09 13:16:58.848 [info] Getting sessions for all scopes...
2025-10-09 13:16:58.849 [info] Got 1 sessions for ...
2025-10-09 13:16:58.958 [info] Getting sessions for all scopes...
2025-10-09 13:16:58.958 [info] Got 1 sessions for ...
2025-10-09 13:16:58.983 [info] Getting sessions for all scopes...
2025-10-09 13:16:58.983 [info] Got 1 sessions for ...
2025-10-09 13:16:59.522 [info] FetcherService: Electron fetch failed with status: 429 
2025-10-09 13:16:59.859 [info] FetcherService: Node fetch failed with status: 429 Too Many Requests
2025-10-09 13:17:00.122 [info] FetcherService: Node http/s failed with status: 429 Too Many Requests
