2025-10-09 11:45:38.378 [info] [main] Log level: Info
2025-10-09 11:45:38.378 [info] [main] Validating found git in: "C:\Program Files\Git\cmd\git.exe"
2025-10-09 11:45:38.378 [info] [main] Validating found git in: "C:\Program Files (x86)\Git\cmd\git.exe"
2025-10-09 11:45:38.378 [info] [main] Validating found git in: "C:\Program Files\Git\cmd\git.exe"
2025-10-09 11:45:38.378 [info] [main] Validating found git in: "C:\Users\Jams\AppData\Local\Programs\Git\cmd\git.exe"
2025-10-09 11:45:40.567 [info] [main] Validating found git in: "F:\Git\cmd\git.exe"
2025-10-09 11:45:40.740 [info] [main] Using git "2.51.0.windows.1" from "F:\Git\cmd\git.exe"
2025-10-09 11:45:40.740 [info] [Model][doInitialScan] Initial repository scan started
2025-10-09 11:45:41.124 [info] > git rev-parse --show-toplevel [363ms]
2025-10-09 11:45:41.124 [info] fatal: not a git repository (or any of the parent directories): .git
2025-10-09 11:45:41.303 [info] > git rev-parse --show-toplevel [85ms]
2025-10-09 11:45:41.303 [info] fatal: not a git repository (or any of the parent directories): .git
2025-10-09 11:45:41.304 [info] [Model][doInitialScan] Initial repository scan completed - repositories (0), closed repositories (0), parent repositories (0), unsafe repositories (0)
2025-10-09 11:45:41.383 [info] > git rev-parse --show-toplevel [52ms]
2025-10-09 11:45:41.383 [info] fatal: not a git repository (or any of the parent directories): .git
2025-10-09 11:45:43.006 [info] > git rev-parse --show-toplevel [31ms]
2025-10-09 11:45:43.006 [info] fatal: not a git repository (or any of the parent directories): .git
2025-10-09 11:47:15.962 [info] > git rev-parse --show-toplevel [33ms]
2025-10-09 11:47:15.962 [info] fatal: not a git repository (or any of the parent directories): .git
2025-10-09 11:47:16.163 [info] > git rev-parse --show-toplevel [31ms]
2025-10-09 11:47:16.163 [info] fatal: not a git repository (or any of the parent directories): .git
2025-10-09 11:49:28.907 [info] > git rev-parse --show-toplevel [32ms]
2025-10-09 11:49:28.907 [info] fatal: not a git repository (or any of the parent directories): .git
2025-10-09 11:50:21.542 [info] > git rev-parse --show-toplevel [34ms]
2025-10-09 11:50:21.542 [info] fatal: not a git repository (or any of the parent directories): .git
2025-10-09 11:51:10.907 [info] > git rev-parse --show-toplevel [31ms]
2025-10-09 11:51:10.907 [info] fatal: not a git repository (or any of the parent directories): .git
2025-10-09 11:51:28.967 [info] > git rev-parse --show-toplevel [31ms]
2025-10-09 11:51:28.967 [info] fatal: not a git repository (or any of the parent directories): .git
2025-10-09 11:51:39.809 [info] > git rev-parse --show-toplevel [30ms]
2025-10-09 11:51:39.809 [info] fatal: not a git repository (or any of the parent directories): .git
2025-10-09 11:52:59.380 [info] > git rev-parse --show-toplevel [33ms]
2025-10-09 11:52:59.380 [info] fatal: not a git repository (or any of the parent directories): .git
2025-10-09 11:53:02.858 [info] > git rev-parse --show-toplevel [30ms]
2025-10-09 11:53:02.858 [info] fatal: not a git repository (or any of the parent directories): .git
2025-10-09 11:53:19.199 [info] > git rev-parse --show-toplevel [33ms]
2025-10-09 11:53:19.199 [info] fatal: not a git repository (or any of the parent directories): .git
2025-10-09 12:01:48.796 [info] > git rev-parse --show-toplevel [31ms]
2025-10-09 12:01:48.796 [info] fatal: not a git repository (or any of the parent directories): .git
