2025-10-09 12:12:39.490 [info] [aebc6443-996d-45c2-90f0-388ff96faa56] Native Broker enabled: true
2025-10-09 12:12:39.503 [warning] [Thu, 09 Oct 2025 19:12:39 GMT] : [aebc6443-996d-45c2-90f0-388ff96faa56] : @azure/msal-node-extensions@1.5.23 : Warning - [MSAL:0002]	WARNING	LogAccountInfoNoThrow:74	Log MSAL Account:
2025-10-09 12:12:39.503 [warning] [Thu, 09 Oct 2025 19:12:39 GMT] : [aebc6443-996d-45c2-90f0-388ff96faa56] : @azure/msal-node-extensions@1.5.23 : Warning - [MSAL:0002]	WARNING	LogAccountInfoNoThrow:86	MSAL Account JSON chunk 1/4: {"aio":"Dit5pwRsdIeGV8KrQ8bEaAN91JwVrdYOF53umf416jlj9DJbfvW!Tp9XNPLGOckKE7FZ3c14mN6vBNkezAcEQi9JDqKZnaHQxjir3TilGA0NtAbwaz4GizLo0!tKsrUEv3iu4ZGlsXo3AmhdOx*8s!Mz55VoarUbWhM2*NxWdBFE","alternative_account_id":"","at_hash":"48zPxyBodUuAjGN3bGeoyw","aud":"00000000-0000-0000-0000-0000480728C5","authority_type":"MSSTS","client_info":"eyJ2ZXIiOiIxLjAiLCJzdWIiOiIzMTE4NGVhYjU0MGZlYTBiODYxYzU0MTllNmI3MWI3ZCIsInByZWZlcnJlZF91c2VybmFtZSI6ImphbWVza3Jpc3RvbjAzQGdtYWlsLmNvbSIsIm9pZCI6IjAwMDAwMDAwLTAwMDAtMDAwMC
2025-10-09 12:12:39.503 [warning] [Thu, 09 Oct 2025 19:12:39 GMT] : [aebc6443-996d-45c2-90f0-388ff96faa56] : @azure/msal-node-extensions@1.5.23 : Warning - [MSAL:0002]	WARNING	LogAccountInfoNoThrow:86	MSAL Account JSON chunk 2/4: 1jOTk3LTA2YmFkZDEwMTdlNiIsInRpZCI6IjkxODgwNDBkLTZjNjctNGM1Yi1iMTEyLTM2YTMwNGI2NmRhZCIsImhvbWVfb2lkIjoiMDAwMDAwMDAtMDAwMC0wMDAwLWM5OTctMDZiYWRkMTAxN2U2IiwidWlkIjoiMDAwMDAwMDAtMDAwMC0wMDAwLWM5OTctMDZiYWRkMTAxN2U2IiwidXRpZCI6IjkxODgwNDBkLTZjNjctNGM1Yi1iMTEyLTM2YTMwNGI2NmRhZCJ9","environment":"login.windows.net","exp":1760059728,"family_name":"","given_name":"","home_account_id":"00000000-0000-0000-c997-06badd1017e6.9188040d-6c67-4c5b-b112-36a304b66dad","home_environment":"","iat":1759973028,"iss":"
2025-10-09 12:12:39.503 [warning] [Thu, 09 Oct 2025 19:12:39 GMT] : [aebc6443-996d-45c2-90f0-388ff96faa56] : @azure/msal-node-extensions@1.5.23 : Warning - [MSAL:0002]	WARNING	LogAccountInfoNoThrow:86	MSAL Account JSON chunk 3/4: https://login.microsoftonline.com/9188040d-6c67-4c5b-b112-36a304b66dad/v2.0","local_account_id":"00000000-0000-0000-c997-06badd1017e6","middle_name":"","name":"","nbf":1759973028,"oid":"00000000-0000-0000-c997-06badd1017e6","password_change_url":"","password_expiry":0,"preferred_username":"jameskriston03@gmail.com","realm":"9188040d-6c67-4c5b-b112-36a304b66dad","sub":"31184eab540fea0b861c5419e6b71b7d","tid":"9188040d-6c67-4c5b-b112-36a304b66dad","username":"jameskriston03@gmail.com","ver":"2.0",
2025-10-09 12:12:39.503 [warning] [Thu, 09 Oct 2025 19:12:39 GMT] : [aebc6443-996d-45c2-90f0-388ff96faa56] : @azure/msal-node-extensions@1.5.23 : Warning - [MSAL:0002]	WARNING	LogAccountInfoNoThrow:86	MSAL Account JSON chunk 4/4: "wam_account_ids":"{\"00000000480728C5\":\"00034001148F1B90\",\"bed12bc0-3a62-470d-998c-e47546e7b039\":\"00034001148F1B90\",\"e2ef5054-0287-4db6-afa3-013d96881fd3\":\"00034001148F1B90\"}"}
2025-10-09 12:12:40.061 [error] [Thu, 09 Oct 2025 19:12:40 GMT] : [aebc6443-996d-45c2-90f0-388ff96faa56] : @azure/msal-node-extensions@1.5.23 : Error - [MSAL:0002]	ERROR  	Create:27	Created an error: tag_7cisv, StatusInternal::Unexpected, SubStatusInternal::0
2025-10-09 12:12:40.061 [error] [Thu, 09 Oct 2025 19:12:40 GMT] : [aebc6443-996d-45c2-90f0-388ff96faa56] : @azure/msal-node-extensions@1.5.23 : Error - [MSAL:0002]	ERROR  	ErrorInternalImpl:134	Created an error: 4ummm, StatusInternal::InteractionRequired, InternalEvent::None, Error Code 3399614467, Context 'V2Error: invalid_grant AADSTS70008: The provided authorization code or refresh token has expired due to inactivity. Send a new interactive authorization request for this user and resource. Trace ID: 9be0853a-05d5-4ffd-afe6-208105cf8800 Correlation ID: f954d9e2-635e-4a9b-8f60-f902cc3a467c Timestamp: 2025-10-09 19:12:41Z'
2025-10-09 12:12:40.061 [error] [Thu, 09 Oct 2025 19:12:40 GMT] : [aebc6443-996d-45c2-90f0-388ff96faa56] : @azure/msal-node-extensions@1.5.23 : Error - [MSAL:0002]	ERROR  	ErrorInternalImpl:134	Created an error: 8x5or, StatusInternal::Unexpected, InternalEvent::None, Error Code 0, Context 'Couldn't create a WAM account due to a missing homeAccountId'
2025-10-09 12:12:40.114 [info] [getSessions] [all] starting
2025-10-09 12:12:40.114 [info] [getSessions] [all] returned 0 session(s)
2025-10-09 12:12:40.114 [info] [getSessions] [all] starting
2025-10-09 12:12:40.115 [info] [getSessions] [all] returned 0 session(s)
2025-10-09 12:12:40.115 [info] [getSessions] [all] starting
2025-10-09 12:12:40.115 [info] [getSessions] [all] returned 0 session(s)
2025-10-09 12:12:40.115 [info] [getSessions] [all] starting
2025-10-09 12:12:40.115 [info] [getSessions] [all] returned 0 session(s)
2025-10-09 12:12:40.120 [info] [getSessions] [499b84ac-1321-427f-aa17-267ca6975798/.default offline_access] starting
2025-10-09 12:12:40.120 [info] [aebc6443-996d-45c2-90f0-388ff96faa56] Native Broker enabled: true
2025-10-09 12:12:40.139 [error] [Thu, 09 Oct 2025 19:12:40 GMT] : [aebc6443-996d-45c2-90f0-388ff96faa56] : @azure/msal-node-extensions@1.5.23 : Error - [MSAL:0002]	ERROR  	Create:27	Created an error: tag_7cisv, StatusInternal::Unexpected, SubStatusInternal::0
2025-10-09 12:12:40.143 [error] [Thu, 09 Oct 2025 19:12:40 GMT] : [aebc6443-996d-45c2-90f0-388ff96faa56] : @azure/msal-node-extensions@1.5.23 : Error - [MSAL:0002]	ERROR  	ErrorInternalImpl:134	Created an error: 4ummm, StatusInternal::InteractionRequired, InternalEvent::None, Error Code 3399614467, Context 'V2Error: invalid_grant AADSTS70008: The provided authorization code or refresh token has expired due to inactivity. Send a new interactive authorization request for this user and resource. Trace ID: 9be0853a-05d5-4ffd-afe6-208105cf8800 Correlation ID: f954d9e2-635e-4a9b-8f60-f902cc3a467c Timestamp: 2025-10-09 19:12:41Z'
2025-10-09 12:12:40.143 [error] [Thu, 09 Oct 2025 19:12:40 GMT] : [aebc6443-996d-45c2-90f0-388ff96faa56] : @azure/msal-node-extensions@1.5.23 : Error - [MSAL:0002]	ERROR  	ErrorInternalImpl:134	Created an error: 8x5or, StatusInternal::Unexpected, InternalEvent::None, Error Code 0, Context 'Couldn't create a WAM account due to a missing homeAccountId'
2025-10-09 12:12:40.154 [info] [getSessions] [499b84ac-1321-427f-aa17-267ca6975798/.default offline_access] returned 0 session(s)
2025-10-09 12:12:40.488 [info] [getSessions] [499b84ac-1321-427f-aa17-267ca6975798/.default offline_access] starting
2025-10-09 12:12:40.488 [info] [getSessions] [499b84ac-1321-427f-aa17-267ca6975798/.default offline_access] returned 0 session(s)
2025-10-09 12:12:40.622 [info] [getSessions] [all] starting
2025-10-09 12:12:40.622 [info] [getSessions] [all] returned 0 session(s)
2025-10-09 12:32:20.923 [info] [getSessions] [all] starting
2025-10-09 12:32:20.923 [info] [getSessions] [all] returned 0 session(s)
2025-10-09 12:34:19.868 [info] [getSessions] [499b84ac-1321-427f-aa17-267ca6975798/.default offline_access] starting
2025-10-09 12:34:19.868 [info] [getSessions] [499b84ac-1321-427f-aa17-267ca6975798/.default offline_access] returned 0 session(s)
