2025-10-09 12:12:38.876 [info] [main] Log level: Info
2025-10-09 12:12:38.876 [info] [main] Validating found git in: "C:\Program Files\Git\cmd\git.exe"
2025-10-09 12:12:38.876 [info] [main] Validating found git in: "C:\Program Files (x86)\Git\cmd\git.exe"
2025-10-09 12:12:38.876 [info] [main] Validating found git in: "C:\Program Files\Git\cmd\git.exe"
2025-10-09 12:12:38.876 [info] [main] Validating found git in: "C:\Users\Jams\AppData\Local\Programs\Git\cmd\git.exe"
2025-10-09 12:12:39.682 [info] [main] Validating found git in: "F:\Git\cmd\git.exe"
2025-10-09 12:12:39.851 [info] [main] Using git "2.51.0.windows.1" from "F:\Git\cmd\git.exe"
2025-10-09 12:12:39.851 [info] [Model][doInitialScan] Initial repository scan started
2025-10-09 12:12:39.903 [info] > git rev-parse --show-toplevel [48ms]
2025-10-09 12:12:39.903 [info] fatal: not a git repository (or any of the parent directories): .git
2025-10-09 12:12:40.099 [info] > git rev-parse --show-toplevel [44ms]
2025-10-09 12:12:40.099 [info] fatal: not a git repository (or any of the parent directories): .git
2025-10-09 12:12:40.138 [info] > git rev-parse --show-toplevel [27ms]
2025-10-09 12:12:40.138 [info] fatal: not a git repository (or any of the parent directories): .git
2025-10-09 12:12:40.139 [info] [Model][doInitialScan] Initial repository scan completed - repositories (0), closed repositories (0), parent repositories (0), unsafe repositories (0)
2025-10-09 12:32:24.255 [info] > git rev-parse --show-toplevel [53ms]
2025-10-09 12:32:24.255 [info] fatal: not a git repository (or any of the parent directories): .git
2025-10-09 12:41:09.423 [info] > git rev-parse --show-toplevel [30ms]
2025-10-09 12:41:09.423 [info] fatal: not a git repository (or any of the parent directories): .git
2025-10-09 12:48:27.788 [info] > git rev-parse --show-toplevel [27ms]
2025-10-09 12:48:27.788 [info] fatal: not a git repository (or any of the parent directories): .git
2025-10-09 12:48:27.997 [info] > git rev-parse --show-toplevel [27ms]
2025-10-09 12:48:27.997 [info] fatal: not a git repository (or any of the parent directories): .git
2025-10-09 12:48:30.953 [info] > git rev-parse --show-toplevel [27ms]
2025-10-09 12:48:30.953 [info] fatal: not a git repository (or any of the parent directories): .git
2025-10-09 12:48:30.981 [info] > git rev-parse --show-toplevel [26ms]
2025-10-09 12:48:30.981 [info] fatal: not a git repository (or any of the parent directories): .git
2025-10-09 12:54:05.764 [info] > git rev-parse --show-toplevel [42ms]
2025-10-09 12:54:05.764 [info] fatal: not a git repository (or any of the parent directories): .git
2025-10-09 12:54:13.112 [info] > git rev-parse --show-toplevel [27ms]
2025-10-09 12:54:13.112 [info] fatal: not a git repository (or any of the parent directories): .git
2025-10-09 12:54:15.335 [info] > git rev-parse --show-toplevel [28ms]
2025-10-09 12:54:15.335 [info] fatal: not a git repository (or any of the parent directories): .git
2025-10-09 12:54:34.428 [info] > git rev-parse --show-toplevel [36ms]
2025-10-09 12:54:34.428 [info] fatal: not a git repository (or any of the parent directories): .git
2025-10-09 13:00:00.345 [info] > git rev-parse --show-toplevel [30ms]
2025-10-09 13:00:00.389 [info] > git rev-parse --git-dir --git-common-dir --show-superproject-working-tree [42ms]
2025-10-09 13:00:00.396 [info] [Model][openRepository] Opened repository (path): h:\School\UVIC FALL 2025\SENG265\Lab5\lab05-starter
2025-10-09 13:00:00.396 [info] [Model][openRepository] Opened repository (real path): h:\School\UVIC FALL 2025\SENG265\Lab5\lab05-starter
2025-10-09 13:00:00.396 [info] [Model][openRepository] Opened repository (kind): repository
2025-10-09 13:00:00.403 [info] [Git][getRemotes] No remotes found in the git config file
2025-10-09 13:00:00.426 [info] > git config --get commit.template [27ms]
2025-10-09 13:00:00.430 [info] > git for-each-ref --format=%(refname)%00%(upstream:short)%00%(objectname)%00%(upstream:track)%00%(upstream:remotename)%00%(upstream:remoteref) --ignore-case refs/heads/master refs/remotes/master [27ms]
2025-10-09 13:00:00.430 [warning] [Git][getBranch] No such branch: master
2025-10-09 13:00:00.461 [info] > git for-each-ref --sort -committerdate --format %(refname)%00%(objectname)%00%(*objectname) [27ms]
2025-10-09 13:00:00.462 [info] > git status -z -uall [30ms]
2025-10-09 13:00:00.472 [info] [Git][getRemotes] No remotes found in the git config file
2025-10-09 13:00:00.495 [info] > git for-each-ref --format=%(refname)%00%(upstream:short)%00%(objectname)%00%(upstream:track)%00%(upstream:remotename)%00%(upstream:remoteref) --ignore-case refs/heads/master refs/remotes/master [30ms]
2025-10-09 13:00:00.495 [warning] [Git][getBranch] No such branch: master
2025-10-09 13:00:00.495 [error] [GitHistoryProvider][resolveHEADMergeBase] Failed to resolve merge base for master: Error: No such branch: master.
2025-10-09 13:00:00.499 [info] > git config --get commit.template [27ms]
2025-10-09 13:00:00.501 [info] > git for-each-ref --format=%(refname)%00%(upstream:short)%00%(objectname)%00%(upstream:track)%00%(upstream:remotename)%00%(upstream:remoteref) --ignore-case refs/heads/master refs/remotes/master [28ms]
2025-10-09 13:00:00.501 [warning] [Git][getBranch] No such branch: master
2025-10-09 13:00:00.536 [info] > git for-each-ref --sort -committerdate --format %(refname)%00%(objectname)%00%(*objectname) [33ms]
2025-10-09 13:00:00.537 [info] > git status -z -uall [34ms]
2025-10-09 13:00:00.942 [info] > git check-ignore -v -z --stdin [28ms]
2025-10-09 13:02:32.463 [warning] [Git][getHEAD] Failed to parse HEAD file: ENOENT: no such file or directory, open 'h:\School\UVIC FALL 2025\SENG265\Lab5\lab05-starter\.git\HEAD'
2025-10-09 13:02:32.466 [warning] [Git][getRemotes] Error: ENOENT: no such file or directory, open 'h:\School\UVIC FALL 2025\SENG265\Lab5\lab05-starter\.git\config'
2025-10-09 13:02:32.495 [info] > git remote --verbose [29ms]
2025-10-09 13:02:32.495 [info] fatal: not a git repository (or any of the parent directories): .git
2025-10-09 13:02:32.498 [warning] [Git][getHEAD] Failed to parse HEAD file: ENOENT: no such file or directory, open 'h:\School\UVIC FALL 2025\SENG265\Lab5\lab05-starter\.git\HEAD'
2025-10-09 13:02:32.499 [warning] [Git][getRemotes] Error: ENOENT: no such file or directory, open 'h:\School\UVIC FALL 2025\SENG265\Lab5\lab05-starter\.git\config'
2025-10-09 13:02:32.501 [info] > git symbolic-ref --short HEAD [37ms]
2025-10-09 13:02:32.501 [info] fatal: not a git repository (or any of the parent directories): .git
2025-10-09 13:02:32.502 [info] > git config --get commit.template [35ms]
2025-10-09 13:02:32.526 [info] > git symbolic-ref --short HEAD [27ms]
2025-10-09 13:02:32.526 [info] fatal: not a git repository (or any of the parent directories): .git
2025-10-09 13:02:32.527 [info] > git remote --verbose [28ms]
2025-10-09 13:02:32.527 [info] fatal: not a git repository (or any of the parent directories): .git
2025-10-09 13:02:32.529 [info] > git config --get commit.template [29ms]
2025-10-09 13:02:32.530 [info] > git rev-parse HEAD [28ms]
2025-10-09 13:02:32.530 [info] fatal: not a git repository (or any of the parent directories): .git
2025-10-09 13:02:32.553 [info] > git rev-parse HEAD [26ms]
2025-10-09 13:02:32.553 [info] fatal: not a git repository (or any of the parent directories): .git
